C51 COMPILER V9.52.0.0   DS1302                                                            07/26/2018 17:42:19 PAGE 1   


C51 COMPILER V9.52.0.0, COMPILATION OF MODULE DS1302
OBJECT MODULE PLACED IN .\Output\ds1302.obj
COMPILER INVOKED BY: E:\Keil_v5\C51\BIN\C51.EXE APP\stdriver\ds1302.c LARGE BROWSE INCDIR(.\driver\inc;.\APP\include) DE
                    -BUG OBJECTEXTEND PRINT(.\list\ds1302.lst) TABS(2) OBJECT(.\Output\ds1302.obj)

line level    source

   1          
   2          #include "ds1302.H"
   3          #include <intrins.h>
   4          #include "delay.h"
   5          void ResetDS1302()
   6          {
   7   1          SCLK = 0;
   8   1          RSTB = 0;
   9   1          RSTB = 1;
  10   1      }
  11          #if 0
              UINT8 Read_addr_byte_ds1302(UINT8 addr)
              {
                ResetDS1302();
                WriteByteDS1302(addr);
                return ReadByteDS1302() ;
              }
              
              void Write_addr_byte_ds1302(UINT8 addr,UINT8 DATA)
              {
                  ResetDS1302();
                  WriteByteDS1302(addr);
                  WriteByteDS1302(DATA);
              }
              #endif
  26          UINT8 ReadByteDS1302()                            //字节读取
  27          {
  28   1          UINT8 i;
  29   1          UINT8 RByte;
  30   1          UINT8 TempByte;
  31   1          P14F=0x00;
  32   1          RByte = 0x00;
  33   1          I_O = 1;
  34   1            GPIO_Init(P36F,INPUT|PD_EN);  
  35   1              for(i=0; i<8;++i)
  36   1              {
  37   2                  SCLK = 1;
  38   2      
  39   2                
  40   2      
  41   2                  SCLK = 0;
  42   2                GPIO_Init(P36F,INPUT|PD_EN);
  43   2                  TempByte = (UINT8)I_O;
  44   2                  TempByte <<= 7;
  45   2                  RByte >>= 1;
  46   2                  RByte |= TempByte;
  47   2              }
  48   1              return RByte ;
  49   1      }
  50          
  51          void WriteByteDS1302(UINT8 W_Byte)               //字节写入
  52          {
  53   1            UINT8 i ;
  54   1            P14F=0x00;
C51 COMPILER V9.52.0.0   DS1302                                                            07/26/2018 17:42:19 PAGE 2   

  55   1            GPIO_Init(P36F,OUTPUT|PD_EN);
  56   1            for (i=0;i<8;i++)
  57   1            {   SCLK =0;
  58   2                I_O =0;
  59   2                if(W_Byte &0x01) I_O =1;          
  60   2                SCLK =1;
  61   2                W_Byte >>=1;
  62   2              //Delay_50us(1);
  63   2      //          nop_();
  64   2      //          _nop_();
  65   2      //          _nop_();
  66   2            }
  67   1      }
  68          
  69          
  70          void ds1302_w_on(void)
  71          {
  72   1            ResetDS1302();
  73   1            WriteByteDS1302(0x8e);                          //写保护控制寄存器
  74   1            WriteByteDS1302(0x0);                           //允许写入
  75   1      }
  76          
  77          void ds1302_w_off(void)
  78          {
  79   1            ResetDS1302();
  80   1            WriteByteDS1302(0x8e);                          //写保护控制寄存器
  81   1            WriteByteDS1302(0x80);                            //允许写入
  82   1      }
  83          
  84          UINT8 Read_addr_byte_ds1302(UINT8 addr)
  85          {
  86   1        ResetDS1302();
  87   1        WriteByteDS1302(addr);
  88   1        return ReadByteDS1302() ;
  89   1      }
  90          
  91          void Write_addr_byte_ds1302(UINT8 addr,UINT8 DATA)
  92          {
  93   1        ds1302_w_on();
  94   1          ResetDS1302();
  95   1          WriteByteDS1302(addr);
  96   1          WriteByteDS1302(DATA);
  97   1        ds1302_w_off();
  98   1      }
  99          
 100          #if 0
              void WriteClkByte()                                                 
              {
                UINT8 Address ,Data;
                      
                    printf("\nWrite Clock Function:");
                    printf("\nWrite Clock Address:");
                    scanf("%bu",&Address);
                    printf("\nWrite Clock Data:");
                    scanf("%bx",&Data);
                    
                    Address = ((Address *2) | 0x80 );                 //时钟数据写入命令
                    ResetDS1302();
                    WriteByteDS1302(Address);
                    WriteByteDS1302(Data);
                    ResetDS1302();
              }
C51 COMPILER V9.52.0.0   DS1302                                                            07/26/2018 17:42:19 PAGE 3   

              #endif
 118          #if 0
              void WriteRamByte()
              {
                UINT8 Address ,Data;
                    
                    printf("\nWrite   RAM Function:");
                    printf("\nWrite RAM Address:");
                    scanf("%bx",&Address);
                    printf("\nWrite RA, Data:");
                    scanf("%bx",&Data);
                    
                    Address = ((Address *2) | 0xC0 );                  //RAM数据写入命令
                    ResetDS1302();
                    WriteByteDS1302(Address);
                    WriteByteDS1302(Data);
                    ResetDS1302();
              }
              
              #endif
 137          
 138          #if 0
              void BurstReadRAM()
              {
                 UINT8 DS1302RAM[31];                 //RAM数组
                 UINT8 i;
                  
                  ResetDS1302();
                  WriteByteDS1302(0xff);           //多字节方式读取RAM 
                  for(i=0;i<31;++i)
                    {
                      DS1302RAM[i] =  ReadByteDS1302(); //保存数据到RAM数组
                      
                    }
                    ResetDS1302();
                    
                    printf("\nDS1302 ram data:");
                    
                    printf("\n %2.bX 2.bX 2.bX 2.bX 2.bX 2.bX 2.bX 2.bX ",
                            DS1302RAM[0],DS1302RAM[1],DS1302RAM[2],DS1302RAM[3],DS1302RAM[4],DS1302RAM[5],DS1302RAM[6],DS1302RA
             -M[7]);
                    printf("\n %2.bX 2.bX 2.bX 2.bX 2.bX 2.bX 2.bX 2.bX ",
                            DS1302RAM[8],DS1302RAM[9],DS1302RAM[10],DS1302RAM[11],DS1302RAM[12],DS1302RAM[13],DS1302RAM[14],DS1
             -302RAM[15]);
                    printf("\n %2.bX 2.bX 2.bX 2.bX 2.bX 2.bX 2.bX 2.bX ",
                            DS1302RAM[16],DS1302RAM[17],DS1302RAM[18],DS1302RAM[19],DS1302RAM[20],DS1302RAM[21],DS1302RAM[22],D
             -S1302RAM[23]);
                    printf("\n %2.bX 2.bX 2.bX 2.bX 2.bX 2.bX 2.bX ",
                            DS1302RAM[24],DS1302RAM[25],DS1302RAM[26],DS1302RAM[27],DS1302RAM[28],DS1302RAM[29],DS1302RAM[30]);
                    
                    printf("\n end ram data;");
              }
              #endif
 167          
 168          #if 0
              void BurstWriteRAM()
              {
                  UINT8 Data;               
                  UINT8 i;
                  
                    printf("\n write ram data (hex):");
                    scanf("%bx",&Data);
C51 COMPILER V9.52.0.0   DS1302                                                            07/26/2018 17:42:19 PAGE 4   

                    
                    ResetDS1302();
                    WriteByteDS1302(0xfe);           //多字节方式写入rRAM 
                    for(i=0;i<31;++i)
                    {
                        WriteByteDS1302(Data);
                    }
                    ResetDS1302();
              }
              #endif


MODULE INFORMATION:   STATIC OVERLAYABLE
   CODE SIZE        =    147    ----
   CONSTANT SIZE    =   ----    ----
   XDATA SIZE       =   ----    ----
   PDATA SIZE       =   ----    ----
   DATA SIZE        =   ----    ----
   IDATA SIZE       =   ----    ----
   BIT SIZE         =   ----    ----
END OF MODULE INFORMATION.


C51 COMPILATION COMPLETE.  0 WARNING(S),  0 ERROR(S)
