C51 COMPILER V9.00   MYFUN                                                                 12/05/2016 11:03:56 PAGE 1   


C51 COMPILER V9.00, COMPILATION OF MODULE MYFUN
OBJECT MODULE PLACED IN .\output\myfun.obj
COMPILER INVOKED BY: f:\Keil\C51\BIN\C51.EXE ..\src\myfun.c LARGE BROWSE INCDIR(..\src;..\inc;.\src) DEBUG OBJECTEXTEND 
                    -PRINT(.\myfun.lst) OBJECT(.\output\myfun.obj)

line level    source

   1          /*==============================================
   2          *       描    述:自定义函数
   3          *       开始时间:2012-02-10
   4          *       完成时间:2012-02-xx
   5          *       最后修改:2012-xx-xx
   6          *       版    本: V1.0
   7          *       作    者:林鸿
   8          *       说        明:
   9          *       备    注:
  10          //==============================================*/
  11          #include        "myfun.h"
  12          #include        "stdio.h"
  13          
  14          //调试使用
  15          //#define assert_param(expr) ((expr) ? (void)0 : assert_failed((u8 *)__FILE__, __LINE__))       //打印错误的文件
             -和函数
  16          #ifdef  _DEBUG
              void assert_failed(u8* file, u16 line)
              {
                      printf("file %s line %u\n",file,(u16)line);
              }
              #endif
  22          


MODULE INFORMATION:   STATIC OVERLAYABLE
   CODE SIZE        =   ----    ----
   CONSTANT SIZE    =   ----    ----
   XDATA SIZE       =   ----    ----
   PDATA SIZE       =   ----    ----
   DATA SIZE        =   ----    ----
   IDATA SIZE       =   ----    ----
   BIT SIZE         =   ----    ----
END OF MODULE INFORMATION.


C51 COMPILATION COMPLETE.  0 WARNING(S),  0 ERROR(S)
