C51 COMPILER V9.52.0.0   FD612DRV                                                          01/04/2018 09:53:47 PAGE 1   


C51 COMPILER V9.52.0.0, COMPILATION OF MODULE FD612DRV
OBJECT MODULE PLACED IN .\Output\FD612Drv.obj
COMPILER INVOKED BY: E:\Keil_v5\C51\BIN\C51.EXE APP\stdriver\FD612Drv.C LARGE BROWSE INCDIR(.\driver\inc;.\APP\include) 
                    -DEBUG OBJECTEXTEND PRINT(.\list\FD612Drv.lst) TABS(2) OBJECT(.\Output\FD612Drv.obj)

line level    source

   1          /** 
   2          * @file       FD612Drv.C    数码管显示驱动芯片 客户代码
   3          * @brief       FD612 的驱动
   4          * @author      ywaby
   5          * @version     1B3 
   6          * @date       2014-03-31    
   7          * @note
   8          * @details  
   9          * @copyright Copyright (c) 2013 by FUZHOU FUDA HISI MICROELECTRONICS CO.,LTD.              
  10          */
  11          #define FD612DRV_GROBLE
  12          
  13          #include "FD612Drv.H"
  14          #include <stdio.h>
  15          #include <intrins.h>
  16          
  17          
  18          static void FD612_Delay10us()
  19          {
  20   1        unsigned char i;
  21   1        _nop_();
  22   1        i = 25;
  23   1        while (--i);
  24   1      }
  25          
  26          /** @addtogroup FD612_DRIVER FD612 驱动
  27            @{
  28          */
  29          #define   FD612_DELAY_LOW         FD612_DELAY_1US         ///<时钟低电平延时                        
  30          #define   FD612_DELAY_HIGH        FD612_DELAY_1US         ///<时钟高电平延时                                              
  31          #define   FD612_DELAY_WAIT        FD612_DELAY_1US         ///<数据读取等待时间
  32          #define   FD612_DELAY_SU_STA      FD612_DELAY_1US         ///<起始信号建立时间 
  33          #define   FD612_DELAY_HD_STA      FD612_DELAY_1US         ///<起始信号保持时间           
  34          #define   FD612_DELAY_SU_STO      FD612_DELAY_1US         ///<停止信号建立时间  
  35          
  36          
  37          /**
  38           *  @brief  启动FD612通信
  39           *  @param  void
  40           *  @return void
  41           *  @note   在SCL高电平期间捕获到SDA的下降沿，FD612开始通信   
  42           */
  43          static void FD612_Start( void )      
  44          {
  45   1        FD612_SDA_SET;           
  46   1        FD612_SCL_SET;
  47   1        FD612_SDA_D_OUT;         //设置SDA为输出方向 
  48   1        FD612_SCL_D_OUT;         //设置SCL为输出方向  
  49   1        FD612_DELAY_SU_STA;
  50   1        FD612_SDA_CLR;           //发送起始信号
  51   1        FD612_DELAY_HD_STA;      
  52   1        FD612_SCL_CLR;           
  53   1        FD612_DELAY_LOW;
  54   1      }   
C51 COMPILER V9.52.0.0   FD612DRV                                                          01/04/2018 09:53:47 PAGE 2   

  55          
  56          /**
  57           *  @brief  停止FD612通信
  58           *  @param  void
  59           *  @return void
  60           *  @note   在SCL高电平期间捕获到SDA的上升沿，FD612停止通信  
  61           */
  62           static void FD612_Stop( void )
  63          {  
  64   1        FD612_SCL_SET;            /* 设置SCL为高电平 */ 
  65   1        FD612_SDA_CLR;            /* 设置SDA为低电平 */
  66   1        FD612_SDA_D_OUT;          /* 设置SDA为输出方向 */
  67   1        FD612_DELAY_SU_STO;         /* 停止信号建立时间: */
  68   1        FD612_SDA_SET;            /* 设置SDA为高电平 */
  69   1        FD612_SDA_D_IN;           /* 设置SDA为输入方向 */
  70   1      }
  71          /**
  72           *  @brief  发送一个字节数据给FD612,并读取应答位
  73           *  @param  dat 发送的一字节数据
  74           *  @retval  BOOLEAN  
  75           *  @return 读取的ACK应答位
  76           *  @note   数据传输低位在前，高位在后
  77           */
  78          
  79          static BOOLEAN FD612_WrByte( INT8U dat )
  80          {
  81   1        INT8U i;                /* 移位写出的位数寄存器 */
  82   1        BOOLEAN ACKTemp=0;
  83   1        FD612_SDA_D_OUT;            /* 设置SDA为输出方向 */
  84   1        for( i = 0; i != 8; i++ )     /* 输出8 bit的数据 */        
  85   1        {      
  86   2          if( dat & 0x80 ) 
  87   2          {
  88   3              FD612_SDA_SET;        /* 设置SDA为高电平 */
  89   3          }
  90   2          else 
  91   2          {
  92   3              FD612_SDA_CLR;      /* 设置SDA为低电平 */
  93   3          }
  94   2        FD612_SCL_SET;        /* 设置SCL为高电平 */
  95   2        dat <<= 1;          /* 输出数据右移一位，数据从高到低的输出 */
  96   2        FD612_DELAY_HIGH;           /* SCL时钟高电平时间：*/
  97   2        FD612_SCL_CLR;        /* 设置SCL为低电平 */
  98   2        FD612_DELAY_LOW;  
  99   2        } 
 100   1        //////读取ACK位/////
 101   1        FD612_SDA_SET;               /* 设置SDA为高电平 */      
 102   1        FD612_SDA_D_IN;           /* 设置SDA为输入方向 */ 
 103   1        FD612_SCL_SET;            /* SCL时钟的高电平时间：*/
 104   1        if(FD612_SDA_IN==0) ACKTemp=0; /* 读入1 bit值 */
 105   1        else ACKTemp=1; 
 106   1        FD612_DELAY_HIGH;                 /* SCL时钟高电平时间*/
 107   1        FD612_SCL_CLR;              /* SCL时钟的低电平*/
 108   1        FD612_DELAY_LOW;  
 109   1        return  ACKTemp ;  
 110   1      } 
 111          
 112          /**
 113           *  @brief  从FD612读取一个字节数据
 114           *  @param  MSACK 发送的ACK值 发送不应答位 ACK=1；发送应答位 ACK=0
 115           *  @retval  INT8U  
 116           *  @return 读取的一字节数据
C51 COMPILER V9.52.0.0   FD612DRV                                                          01/04/2018 09:53:47 PAGE 3   

 117           *  @note   数据传输高位在前，低位在后
 118           */
 119          #if 0
              static INT8U  FD612_RdByte( BOOLEAN MSACK )
              {
                INT8U i;                
                INT8U dat=0;                   /* 移位读入的位数寄存器i */
                FD612_SDA_SET;                 /* 设置SDA为高电平 */
                FD612_SDA_D_IN;                /* 设置SDA为输入方向 */
                for( i = 0; i != 8; i++ )    /* 读入8 bit的数据 */ 
                {                
                  FD612_SCL_SET;             /* 设置SCL为高电平 */
                  FD612_DELAY_HIGH;            /* SCL时钟高电平时间：*/
                  dat <<= 1;                  /* 读入数据右移一位，数据从高到低的读入 */
                  if( FD612_SDA_IN ) dat++;    /* 读入1 bit值 */
                  FD612_SCL_CLR;                /* 设置SCL为低电平 */
                  FD612_DELAY_LOW;      
                }
                 //////发送ACK位///// 
                if(MSACK==0)             /* 发送ACK应答位*/
                  FD612_SDA_CLR;
                else FD612_SDA_SET; 
                FD612_SDA_D_OUT;             /* 设置SDA为输出方向 */
                FD612_SCL_SET;         /* 设置SCL为高电平 */
                FD612_DELAY_HIGH;      /* SCL 时钟高电平时间：*/
                FD612_SCL_CLR;         /* 设置SCL为低电平 */
                FD612_DELAY_LOW;         
                return dat;                    /* 返回接收到的数据 */
              }
              #endif
 147          
 148          /**
 149           * @ingroup FD612_Api
 150           * @brief   读取FD612的按键码字 
 151           * @param   无
 152           * @return  keytemp 读到按键按下状态的键值 ，无符号8位1字节数，读到无效按键值返回0
 153           * @note  读取FD612的按键码字 ，有键按下返回键值，无键按下返回0。按键码值表见下表
 154           * @code 
 155           *  按键码值表
 156            编址    RL1 RL0
 157            SEG0/K1 45H 44H
 158            SEG1/K2 4DH 4CH
 159            SEG2/K3 55H 54H
 160            SEG3/K4 5DH 5CH
 161            SEG4/K5 65H 64H
 162            SEG5/K6 6DH 6CH
 163            SEG6/K7 75H 74H
 164           *  keycode=FD612_ReadKey();
 165           *  Key_Fun ( Keycode) ;     // 按键处理函数 
 166           * @endcode 
 167           */ 
 168          unsigned long  FD612_ReadKey()        
 169          { 
 170   1        unsigned long  keytemp=0;
 171   1        FD612_Start();
 172   1        FD612_WrByte( READ_KEY );
 173   1        
 174   1        keytemp|=FD612_ReadByte();
 175   1        keytemp<<=8;
 176   1        keytemp|=FD612_ReadByte();  
 177   1        keytemp<<=8;
 178   1        keytemp|=FD612_ReadByte();    
C51 COMPILER V9.52.0.0   FD612DRV                                                          01/04/2018 09:53:47 PAGE 4   

 179   1        keytemp<<=8;
 180   1        keytemp|=FD612_ReadByte();    
 181   1        FD612_Stop();
 182   1      
 183   1        return keytemp; 
 184   1      }
 185          //D12+D8=1,D12+D7=2,D12+D6=3,D12+D5=4
 186          #define Key_Table_Num   4
 187          code Key_Code_T Key_Code_Table[Key_Table_Num] = {
 188          {1,0x00000001},{2,0x00000010},{3,0x00000100},{4,0x00001000}
 189          };
 190          
 191          
 192          unsigned char Get_KeyCode(unsigned long dat)
 193          {
 194   1        unsigned int i;
 195   1        for(i = 0;i < Key_Table_Num ;i++)
 196   1        {
 197   2        if(Key_Code_Table[i].Key_Code == dat)
 198   2        {
 199   3        return Key_Code_Table[i].Key_Num;
 200   3        }
 201   2        }
 202   1        
 203   1        return 0;
 204   1      }
 205          
 206          static unsigned char FD612_ReadByte()         
 207          {
 208   1        unsigned char dat,i;
 209   1        FD612_SDA_SET;
 210   1        FD612_SDA_D_IN;
 211   1        dat = 0;
 212   1        for( i = 0; i != 8; i++ )
 213   1        {
 214   2          FD612_DELAY_HIGH;   // 可选延时
 215   2          FD612_SCL_SET;
 216   2          FD612_DELAY_HIGH;  // 可选延时
 217   2          dat <<= 1;
 218   2          if( FD612_SDA_IN ) dat++;
 219   2          FD612_SCL_CLR;
 220   2        }
 221   1        FD612_SDA_D_OUT;
 222   1        FD612_SDA_CLR;
 223   1        FD612_DELAY_HIGH;
 224   1        FD612_SCL_SET;
 225   1        FD612_DELAY_HIGH;
 226   1        FD612_SCL_CLR;
 227   1        return dat;
 228   1      }
 229          /** @addtogroup  FD612_API_FUNTION  应用函数
 230            @{
 231          */
 232          /**
 233           *  @brief  向FD612发送一字节的命令
 234           *  @param  CMD 发送一字节的命令
 235           *  @return void
 236           *  @note   CMD是控制命令中的宏
 237           *  @par Example 
 238           *  @code
 239           *  FD612_Command(FD612_7SEG_CMD);
 240           *  @endcode 
C51 COMPILER V9.52.0.0   FD612DRV                                                          01/04/2018 09:53:47 PAGE 5   

 241           */
 242          void FD612_Command( INT8U CMD )         
 243          {                 
 244   1        FD612_Start();
 245   1        FD612_WrByte(CMD);
 246   1        FD612_Stop(); 
 247   1      }
 248           /**
 249           *  @brief  刷新FD612的显示数据
 250           *  @param  void
 251           *  @return void
 252           *  @note   使用该函数需要打开 FD612_DISP_BUFF_EN
 253           */
 254          void FD612_DispDataRefresh(void)
 255          {
 256   1        INT8U i;
 257   1        FD612_Command(FD612_ADDR_INC_DIGWR_CMD);  
 258   1        FD612_Start();    
 259   1        FD612_WrByte(FD612_DIGADDR_WRCMD|FD612_DISP_MIN_ADDR) ;
 260   1        for(i=FD612_DISP_MIN_ADDR;i<=FD612_DISP_MAX_ADDR;i++)
 261   1          FD612_WrByte(FD612_DispBuff.DispData[i]) ;
 262   1        FD612_Stop();
 263   1      }
 264           /**
 265           *  @brief  刷新FD612的相关数据
 266           *  @param  void
 267           *  @return void
 268           *  @note    
 269           *  @note   使用该函数需要打开 FD612_DISP_BUFF_EN 
 270           */
 271          void FD612_Refresh(void)
 272          {
 273   1        FD612_Command(FD612_DispBuff.DispSEG_MODE);
 274   1        FD612_DispDataRefresh();
 275   1        FD612_Command(FD612_DispBuff.DispState);
 276   1      }
 277          /* @} FD612_API_FUNTION */
 278          #if FD612_DECODE_TAB_EN!=0
              
              #define FD612_DECODE_TAB_NUM 14*4 ///<FD612_DecodeTab[]的字符个数
              typedef struct 
              {
                INT8U Character; ///<字符
                INT8U Bitmap;     ///<字符对应的码值
              } Struct_LED_Bitmap; ///<数码管的码值和字符的对应结构体，用于查表
              ///<数码管的码值和字符的对应表格，用于查表
              CONST Struct_LED_Bitmap FD612_DecodeTab[FD612_DECODE_TAB_NUM] = {
                {'0', 0x3F}, {'1', 0x06}, {'2', 0x5B}, {'3', 0x4F},
                {'4', 0x66}, {'5', 0x6D}, {'6', 0x7D}, {'7', 0x07},
                {'8', 0x7F}, {'9', 0x6F}, {'a', 0x77}, {'A', 0x77},
                {'b', 0x7C}, {'B', 0x7C}, {'c', 0x39}, {'C', 0x39},
                {'d', 0x5E}, {'D', 0x5E}, {'e', 0x79}, {'E', 0X7b},
                {'f', 0x71}, {'F', 0x71}, {'g', 0x6F}, {'G', 0x3D},
                {'h', 0x74}, {'H', 0x76}, {'i', 0x04}, {'I', 0x06},
                {'j', 0x1E}, {'J', 0x1E}, {'l', 0x38}, {'L', 0x38},
                {'n', 0x54}, {'N', 0x37}, {'o', 0x5C}, {'O', 0x3F},
                {'p', 0x73}, {'P', 0x73}, {'q', 0x67}, {'Q', 0x67},
                {'r', 0x50}, {'R', 0x77}, {'s', 0x6D}, {'S', 0x6D},
                {'t', 0x78}, {'T', 0x31}, {'u', 0x3E}, {'U', 0x3E},
                {'y', 0x6E}, {'Y', 0x6E}, {'z', 0x5B}, {'Z', 0x5B},
                {':', 0xfe}, {'-', 0x40}, {'_', 0x08}, {' ', 0x00}
              };
C51 COMPILER V9.52.0.0   FD612DRV                                                          01/04/2018 09:53:47 PAGE 6   

              
              /**
               *  @brief  数码管的查表函数
               *  @param  cTemp 查找的字符
               *  @retval INT8U  
               *  @return 字符对应的数码管码值
               *  @note   使用该函数需要打开 FD612_DECODE_TAB_EN 
               *  @par Example
               *  @code
               *  char CTmp;
               *  CTmp=DispGetCode('S');
               *  @endcode 
               */ 
              
              INT8U DispGetCode(char cTemp)
              {
                INT8U i, Bitmap=0x00;
                for(i=0; i<FD612_DECODE_TAB_NUM; i++)
                {
                  if(FD612_DecodeTab[i].Character == cTemp)
                  {
                    Bitmap = FD612_DecodeTab[i].Bitmap;
                    break;
                  }
                }
                return Bitmap;
              }
              
              #endif
 332          #if FD628_NEGA_DISP==0
 333          typedef struct 
 334          {
 335            INT8U NegaAddr; ///<对应的共阴数码管数据地址
 336            INT8U BitAddr;     ///<对应段地址
 337          } Struct_PotiveTNage_Bitmap; ///<数码管的码值和字符的对应结构体，用于查表
 338          ///<共阳对应共阴的表格，用于查表,根据具体的应用电路进行修改
 339          CONST Struct_PotiveTNage_Bitmap FD612_PotiveTNage_Bitmap[12][8] = {
 340              { {0x04,0x01},{0x05,0x01},{0x06,0x01},{0x07,0x01},  {0x08,0x01},{0x09,0x01},{0x0a,0x01},{0x0b,0x01}}, 
             -   //位4到11     
 341              { {0x04,0x02},{0x05,0x02},{0x06,0x02},{0x07,0x02},  {0x08,0x02},{0x09,0x02},{0x0a,0x02},{0x0b,0x02}}, 
             -   //  
 342              { {0x04,0x04},{0x05,0x04},{0x06,0x04},{0x07,0x04},  {0x08,0x04},{0x09,0x04},{0x0a,0x04},{0x0b,0x04}}, 
 343              { {0x04,0x08},{0x05,0x08},{0x06,0x08},{0x07,0x08},  {0x08,0x08},{0x09,0x08},{0x0a,0x08},{0x0b,0x08}},
 344          
 345              { {0x00,0x01},{0x01,0x01},{0x02,0x01},{0x03,0x01},  {0x08,0x10},{0x09,0x10},{0x0a,0x10},{0x0b,0x10}}, 
             -  //位0到3  8到11
 346              { {0x00,0x02},{0x01,0x02},{0x02,0x02},{0x03,0x02},  {0x08,0x20},{0x09,0x20},{0x0a,0x20},{0x0b,0x20}},
 347              { {0x00,0x04},{0x01,0x04},{0x02,0x04},{0x03,0x04},  {0x08,0x40},{0x09,0x40},{0x0a,0x40},{0x0b,0x40}},
 348              { {0x00,0x08},{0x01,0x08},{0x02,0x08},{0x03,0x08},  {0x08,0x80},{0x09,0x80},{0x0a,0x80},{0x0b,0x80}},
 349          
 350              { {0x00,0x10},{0x01,0x10},{0x02,0x10},{0x03,0x10},  {0x04,0x10},{0x05,0x10},{0x06,0x10},{0x07,0x10}}, 
             -  //位0到7
 351              { {0x00,0x20},{0x01,0x20},{0x02,0x20},{0x03,0x20},  {0x04,0x20},{0x05,0x20},{0x06,0x20},{0x07,0x20}},
 352              { {0x00,0x40},{0x01,0x40},{0x02,0x40},{0x03,0x40},  {0x04,0x40},{0x05,0x40},{0x06,0x40},{0x07,0x40}},
 353              { {0x00,0x80},{0x01,0x80},{0x02,0x80},{0x03,0x80},  {0x04,0x80},{0x05,0x80},{0x06,0x80},{0x07,0x80}}
 354          };
 355          
 356           /** @addtogroup FD612_API_FUNTION 
 357            @{
 358          */
 359          
 360          /** @addtogroup FD612_PT_API 共阳数码管应用函数
C51 COMPILER V9.52.0.0   FD612DRV                                                          01/04/2018 09:53:47 PAGE 7   

 361            @{
 362          */
 363            /**
 364           *  @brief  共阳数码管的某一位写入显示数据
 365           *  @param  Addr 共阳数码管的位
 366           *  @param  Dat   显示的数据
 367           *  @retval void  
 368           *  @return 
 369           *  @note   使用该函数需要打开 FD612_DECODE_TAB_EN FD612_DISP_BUFF_EN FD628_NEGA_DISP
 370           *  @par Example
 371           *  @code
 372           *  PotiveTNage(1,0X3F); //第一位数码管显示‘0’
 373           *  @endcode 
 374           */ 
 375          void FD612_PotiveTNage(INT8U Addr,INT8U Dat){
 376   1        INT8U i;
 377   1        for(i=0;i<8;i++){
 378   2          if(Dat&(0x01<<i))
 379   2            FD612_DispBuff.DispData[FD612_PotiveTNage_Bitmap[Addr][i].NegaAddr]|=FD612_PotiveTNage_Bitmap[Addr][
             -i].BitAddr;
 380   2          else
 381   2            FD612_DispBuff.DispData[FD612_PotiveTNage_Bitmap[Addr][i].NegaAddr]&=(~FD612_PotiveTNage_Bitmap[Addr
             -][i].BitAddr);   
 382   2        }
 383   1      }
 384            /**
 385           *  @brief FD612 某个显示地址开始显示相应的字符串
 386           *  @param  Addr 字符串显示的起始地址
 387           *  @param  PStr 指向相应的字符串
 388           *  @retval INT8U  
 389           *  @return 返回函数执行结果,0为执行成功，1为起始地址超出最大地址
 390           *  @note   使用该函数需要打开 FD612_DECODE_TAB_EN 
 391           *  @par Example
 392           *  @code
 393           *  FD612_DispString(FD612_DIG3_ADDR,"FD612");
 394           *  @endcode 
 395           */ 
 396          #if FD612_DECODE_TAB_EN!=0
              INT8U FD612_DispString( INT8U Addr,char *PStr)
              {
                INT8U i;
                if (Addr>FD612_DISP_MAX_ADDR)return 1;
                for(i=0;i+Addr<=FD612_DISP_MAX_ADDR;i++)
                {
                  if(PStr[i]=='\0')break;//判断是否到达字符串的尾部
                  FD612_PotiveTNage(i+Addr,DispGetCode(PStr[i]));
                } 
                FD612_Refresh();
                return 0;
              }
              #endif
 410          #else
              /* @} FD612_PT_API */
              /** @addtogroup FD612_NG_API 共阴数码管应用函数
                @{
              */
              /**
               *  @brief  向共阴数码管某个显示地址写入一字节的显示数据
               *  @param  Addr      写入的显示地址
               *  @param  DispData  写入的显示数据
               *  @return void
               *  @note 地址固定方式写入显示数据
C51 COMPILER V9.52.0.0   FD612DRV                                                          01/04/2018 09:53:47 PAGE 8   

               *  @par Example
               *  @code
               *  FD612_SingleDisp(FD612_DIG3_ADDR,FD612_DISP_0);
               *  @endcode
               */
              #if 0
              void FD612_SingleDisp(INT8U Addr,INT8U DispData)
              {
                FD612_Command(FD612_ADDR_STATIC_DIGWR_CMD); 
                FD612_DispBuff.DispData[Addr]=DispData;
                FD612_Start();    
                FD612_WrByte(FD612_DIGADDR_WRCMD|Addr ) ;
                FD612_WrByte(DispData ) ;
                FD612_Stop();
              }
              #endif  
                /**
               *  @brief FD612 某个显示地址开始显示相应的字符串
               *  @param  Addr 字符串显示的起始地址
               *  @param  PStr 指向相应的字符串
               *  @retval INT8U  
               *  @return 返回函数执行结果,0为执行成功，1为起始地址超出最大地址
               *  @note   使用该函数需要打开 FD612_DECODE_TAB_EN 
               *  @par Example
               *  @code
               *  FD612_DispString(FD612_DIG3_ADDR,"FD612");
               *  @endcode 
               */ 
              #if FD612_DECODE_TAB_EN!=0
              INT8U FD612_DispString( INT8U Addr,char *PStr)
              {
                INT8U i;
                if (Addr>FD612_DISP_MAX_ADDR)return 1;
                FD612_Command(FD612_ADDR_INC_DIGWR_CMD);  
                FD612_Start();    
                FD612_WrByte(FD612_DIGADDR_WRCMD|Addr) ; 
                for(i=0;i+Addr<=FD612_DISP_MAX_ADDR;i++)
                {
                  if(PStr[i]=='\0')break;//判断是否到达字符串的尾部
                  FD612_DispBuff.DispData[i+Addr]=DispGetCode(PStr[i]);
                  FD612_WrByte(FD612_DispBuff.DispData[i+Addr]) ; 
                }
                FD612_Stop();
                return 0;
              }
              #endif
              /* @} FD612_NG_API */
              #endif
 469          /**
 470           *  @brief  初始化FD612
 471           *  @param  void
 472           *  @return void
 473           *  @note 用户程序开始时调用该函数对FD612进行初始化
 474           *  @note 用户可以根据需要进行修改
 475           *  @par Example
 476           *  @code 共阴参考
 477            INT8U i;
 478            FD612_8SEG_MODE;
 479            for(i=0;i<12;i++){
 480              FD612_DispBuff.DispData[i]= 0X00;
 481            }
 482             FD612_DispBuff.DispData[FD612_DIG1_ADDR]=FD612_DISP_F; 
C51 COMPILER V9.52.0.0   FD612DRV                                                          01/04/2018 09:53:47 PAGE 9   

 483             FD612_DispBuff.DispData[FD612_DIG2_ADDR]=FD612_DISP_d;   
 484            FD612_DispString(FD612_DIG3_ADDR,"612");
 485            FD612_DispStateWr(FD612_INTENS8|FD612_DISP_ON);  
 486            FD612_Refresh();
 487           *   @endcode 
 488           *   @code 共阳参考
 489            INT8U i;
 490            FD612_8SEG_MODE;
 491            for(i=0;i<12;i++){
 492              FD612_DispBuff.DispData[i]= 0X00;
 493            }
 494            FD612_PotiveTNage(FD612_DIG1_ADDR,FD612_DISP_F);
 495            FD612_PotiveTNage(FD612_DIG2_ADDR,FD612_DISP_d);  
 496            FD612_DispString(FD612_DIG3_ADDR,"612");
 497            FD612_DispStateWr(FD612_INTENS8|FD612_DISP_ON);  
 498            FD612_Refresh();
 499           *  @endcode  
 500           */ 
 501           
 502            void FD612_Init( void)//<共阳参考
 503          {
 504   1        INT8U i;
 505   1        FD612_8SEG_MODE;
 506   1        for(i=0;i<12;i++){
 507   2          FD612_DispBuff.DispData[i]= 0xff;
 508   2        } 
 509   1        FD612_DispStateWr(FD612_INTENS8|FD612_DISP_ON); 
 510   1        FD612_Refresh();
 511   1      }
 512          /* @} FD612_API_FUNTION */
 513          /* @} FD612_FUNTION */
 514          /* @} FD612_DRIVER */
 515          
 516          
 517          /******************* (C) COPYRIGHT 2013 FDHISI *****END OF FILE****/


MODULE INFORMATION:   STATIC OVERLAYABLE
   CODE SIZE        =    936    ----
   CONSTANT SIZE    =     24    ----
   XDATA SIZE       =    214      13
   PDATA SIZE       =   ----    ----
   DATA SIZE        =   ----    ----
   IDATA SIZE       =   ----    ----
   BIT SIZE         =   ----    ----
END OF MODULE INFORMATION.


C51 COMPILATION COMPLETE.  0 WARNING(S),  0 ERROR(S)
