C51 COMPILER V9.52.0.0   MAIN                                                              07/26/2018 17:42:19 PAGE 1   


C51 COMPILER V9.52.0.0, COMPILATION OF MODULE MAIN
OBJECT MODULE PLACED IN .\Output\main.obj
COMPILER INVOKED BY: E:\Keil_v5\C51\BIN\C51.EXE APP\main.c LARGE BROWSE INCDIR(.\driver\inc;.\APP\include) DEBUG OBJECTE
                    -XTEND PRINT(.\list\main.lst) TABS(2) OBJECT(.\Output\main.obj)

line level    source

   1          #ifndef _MAIN_C_
   2          #define _MAIN_C_
   3          
   4          /*********************************************************************************************************
             -************/
   5          #include "ca51f_config.h"
   6          #if (IC_TYPE == IC_TYPE_CA51F3X)
   7          #include "ca51f3sfr.h"
   8          #include "ca51f3xsfr.h"
   9          #include "gpiodef_f3.h"
  10          #endif
  11          #include "system.h"
  12          #include "uart.h"
  13          #include <intrins.h>
  14          #include "config.h"
  15          #include "usr.h"
  16          #include "FD616.H"
  17          #include "ds1302.H"
  18          #include "delay.h"
  19          #include "math.h"
  20          extern bit sd_mode_flag;
  21          
  22          
  23          void main(void)
  24          {
  25   1      #ifdef UART0_EN
  26   1        Uart0_Initial(UART0_BAUTRATE);
  27   1      #endif
  28   1      #ifdef UART1_EN
                Uart1_Initial(UART1_BAUTRATE);
              #endif
  31   1      #ifdef UART2_EN
                Uart2_Initial(UART2_BAUTRATE);
              #endif
  34   1        
  35   1      #ifdef PRINT_EN
  36   1        uart_printf("Start\n");
  37   1      #endif
  38   1        
  39   1          EA = 1;
  40   1      
  41   1          CfgFsys( );
  42   1          RTC_init( );
  43   1          gpio_init( );
  44   1          adc_init();
  45   1          alarm_time_init();
  46   1          Timer0_init( );
  47   1          DS1302_INIT();
  48   1          FD616_Init(); 
  49   1          FD612_app_init();
  50   1          DS1302_INIT();
  51   1          display_init_first( );
  52   1          bright_contrl();
  53   1      
C51 COMPILER V9.52.0.0   MAIN                                                              07/26/2018 17:42:19 PAGE 2   

  54   1          
  55   1        while(1)
  56   1        {
  57   2          
  58   2          
  59   2          key_statue();
  60   2          display();
  61   2          Alarm_display();
  62   2          sd_mode();
  63   2          
  64   2          if(sd_mode_flag)
  65   2          {
  66   3            voice_control();
  67   3          }
  68   2          else
  69   2          { 
  70   3            bright_contrl();  
  71   3            power_detect( );
  72   3          } 
  73   2        }
  74   1      }
  75          
  76          
  77          #endif


MODULE INFORMATION:   STATIC OVERLAYABLE
   CODE SIZE        =     86    ----
   CONSTANT SIZE    =      7    ----
   XDATA SIZE       =   ----    ----
   PDATA SIZE       =   ----    ----
   DATA SIZE        =   ----    ----
   IDATA SIZE       =   ----    ----
   BIT SIZE         =   ----    ----
END OF MODULE INFORMATION.


C51 COMPILATION COMPLETE.  0 WARNING(S),  0 ERROR(S)
