C51 COMPILER V9.52.0.0   DS1302                                                            01/31/2018 17:38:08 PAGE 1   


C51 COMPILER V9.52.0.0, COMPILATION OF MODULE DS1302
OBJECT MODULE PLACED IN .\Output\ds1302.obj
COMPILER INVOKED BY: E:\Keil_v5\C51\BIN\C51.EXE App\ds1302.c LARGE BROWSE INCDIR(.\StdDriver\inc;.\App) DEBUG OBJECTEXTE
                    -ND PRINT(.\List\ds1302.lst) TABS(2) OBJECT(.\Output\ds1302.obj)

line level    source

   1          
   2          #include "ds1302.H"
   3          
   4          
   5          void ResetDS1302()
   6          {
   7   1          SCLK = 0;
   8   1          RSTB = 0;
   9   1          RSTB = 1;
  10   1      }
  11          
  12          
  13          
  14          
  15          UINT8 ReadByteDS1302()                            //字节读取
  16          {
  17   1          UINT8 i;
  18   1          UINT8 RByte;
  19   1          UINT8 TempByte;
  20   1          
  21   1              RByte = 0x00;
  22   1              I_O = 1;
  23   1              for(i=0; i<8;++i)
  24   1              {
  25   2                  SCLK = 1;
  26   2                  SCLK = 0;
  27   2                  TempByte = (UINT8)I_O;
  28   2                  TempByte <<= 7;
  29   2                  RByte >>= 1;
  30   2                  RByte |= TempByte;
  31   2              }
  32   1              return RByte ;
  33   1      }
  34          
  35          void WriteByteDS1302(UINT8 W_Byte)               //字节写入
  36          {
  37   1          UINT8 i ;
  38   1            for (i=0;i<8;i++)
  39   1            {   SCLK =0;
  40   2                I_O =0;
  41   2                if(W_Byte &0x01) I_O =1;          
  42   2                SCLK =1;
  43   2                W_Byte >>=1;
  44   2            }
  45   1      }
  46          
  47          
  48          void ds1302_w_on(void)
  49          {
  50   1            ResetDS1302();
  51   1            WriteByteDS1302(0x8e);                          //写保护控制寄存器
  52   1            WriteByteDS1302(0x0);                           //允许写入
  53   1      }
  54          
C51 COMPILER V9.52.0.0   DS1302                                                            01/31/2018 17:38:08 PAGE 2   

  55          void ds1302_w_off(void)
  56          {
  57   1            ResetDS1302();
  58   1            WriteByteDS1302(0x8e);                          //写保护控制寄存器
  59   1            WriteByteDS1302(0x80);                            //允许写入
  60   1      }
  61          
  62          UINT8 Read_addr_byte_ds1302(UINT8 addr)
  63          {
  64   1        ResetDS1302();
  65   1        WriteByteDS1302(addr);
  66   1        return ReadByteDS1302() ;
  67   1      }
  68          
  69          void Write_addr_byte_ds1302(UINT8 addr,UINT8 DATA)
  70          {
  71   1        ds1302_w_on();
  72   1          ResetDS1302();
  73   1          WriteByteDS1302(addr);
  74   1          WriteByteDS1302(DATA);
  75   1        ds1302_w_off();
  76   1      }
  77          
  78          #if 0
              void WriteClkByte()                                                 
              {
                UINT8 Address ,Data;
                      
                    printf("\nWrite Clock Function:");
                    printf("\nWrite Clock Address:");
                    scanf("%bu",&Address);
                    printf("\nWrite Clock Data:");
                    scanf("%bx",&Data);
                    
                    Address = ((Address *2) | 0x80 );                 //时钟数据写入命令
                    ResetDS1302();
                    WriteByteDS1302(Address);
                    WriteByteDS1302(Data);
                    ResetDS1302();
              }
              #endif
  96          #if 0
              void WriteRamByte()
              {
                UINT8 Address ,Data;
                    
                    printf("\nWrite   RAM Function:");
                    printf("\nWrite RAM Address:");
                    scanf("%bx",&Address);
                    printf("\nWrite RA, Data:");
                    scanf("%bx",&Data);
                    
                    Address = ((Address *2) | 0xC0 );                  //RAM数据写入命令
                    ResetDS1302();
                    WriteByteDS1302(Address);
                    WriteByteDS1302(Data);
                    ResetDS1302();
              }
              
              #endif
 115          
 116          #if 0
C51 COMPILER V9.52.0.0   DS1302                                                            01/31/2018 17:38:08 PAGE 3   

              void BurstReadRAM()
              {
                 UINT8 DS1302RAM[31];                 //RAM数组
                 UINT8 i;
                  
                  ResetDS1302();
                  WriteByteDS1302(0xff);           //多字节方式读取RAM 
                  for(i=0;i<31;++i)
                    {
                      DS1302RAM[i] =  ReadByteDS1302(); //保存数据到RAM数组
                      
                    }
                    ResetDS1302();
                    
                    printf("\nDS1302 ram data:");
                    
                    printf("\n %2.bX 2.bX 2.bX 2.bX 2.bX 2.bX 2.bX 2.bX ",
                            DS1302RAM[0],DS1302RAM[1],DS1302RAM[2],DS1302RAM[3],DS1302RAM[4],DS1302RAM[5],DS1302RAM[6],DS1302RA
             -M[7]);
                    printf("\n %2.bX 2.bX 2.bX 2.bX 2.bX 2.bX 2.bX 2.bX ",
                            DS1302RAM[8],DS1302RAM[9],DS1302RAM[10],DS1302RAM[11],DS1302RAM[12],DS1302RAM[13],DS1302RAM[14],DS1
             -302RAM[15]);
                    printf("\n %2.bX 2.bX 2.bX 2.bX 2.bX 2.bX 2.bX 2.bX ",
                            DS1302RAM[16],DS1302RAM[17],DS1302RAM[18],DS1302RAM[19],DS1302RAM[20],DS1302RAM[21],DS1302RAM[22],D
             -S1302RAM[23]);
                    printf("\n %2.bX 2.bX 2.bX 2.bX 2.bX 2.bX 2.bX ",
                            DS1302RAM[24],DS1302RAM[25],DS1302RAM[26],DS1302RAM[27],DS1302RAM[28],DS1302RAM[29],DS1302RAM[30]);
                    
                    printf("\n end ram data;");
              }
              #endif
 145          
 146          #if 0
              void BurstWriteRAM()
              {
                  UINT8 Data;               
                  UINT8 i;
                  
                    printf("\n write ram data (hex):");
                    scanf("%bx",&Data);
                    
                    ResetDS1302();
                    WriteByteDS1302(0xfe);           //多字节方式写入rRAM 
                    for(i=0;i<31;++i)
                    {
                        WriteByteDS1302(Data);
                    }
                    ResetDS1302();
              }
              #endif


MODULE INFORMATION:   STATIC OVERLAYABLE
   CODE SIZE        =    119    ----
   CONSTANT SIZE    =   ----    ----
   XDATA SIZE       =   ----    ----
   PDATA SIZE       =   ----    ----
   DATA SIZE        =   ----    ----
   IDATA SIZE       =   ----    ----
   BIT SIZE         =   ----    ----
END OF MODULE INFORMATION.


C51 COMPILATION COMPLETE.  0 WARNING(S),  0 ERROR(S)
