C51 COMPILER V9.00   FD650APP                                                              12/05/2016 11:16:55 PAGE 1   


C51 COMPILER V9.00, COMPILATION OF MODULE FD650APP
OBJECT MODULE PLACED IN .\output\FD650App.obj
COMPILER INVOKED BY: f:\Keil\C51\BIN\C51.EXE src\FD650App.c LARGE BROWSE INCDIR(..\src;..\inc;.\src) DEBUG OBJECTEXTEND 
                    -PRINT(.\FD650App.lst) OBJECT(.\output\FD650App.obj)

line level    source

   1          #include "FD650App.h"
   2          sbit FD650_INT = P3^3;
   3          #define KEY_TABLE_LENGTH 32
   4          u8 code KeyTable[]=
   5          {
   6                  0x04,0x05,0x06,0x07,
   7                  0x0c,0x0d,0x0e,0x0f,
   8                  0x14,0x15,0x16,0x17,
   9                  0x1c,0x1d,0x1e,0x1f,
  10                  0x24,0x25,0x26,0x27,
  11                  0x2c,0x2d,0x2e,0x2f,
  12                  0x34,0x35,0x36,0x37,
  13                  0x3c,0x3d,0x3e,0x3f
  14          };
  15          
  16          //显示测试
  17          void FD650App_TestMode1(void)
  18          {
  19   1              #define DELAY_TIME 100
  20   1              char str[LED_DIS_LENGHT + 1] = " ";
  21   1              unsigned long i = 0;
  22   1              unsigned long j = 0;
  23   1      
  24   1              FD650_DispString(FD650_DIG0_ADDR,"12345678");
  25   1              delayms(DELAY_TIME * 5);
  26   1              FD650_DispString(FD650_DIG0_ADDR,"55555555");
  27   1              delayms(DELAY_TIME * 5);
  28   1              FD650_DispString(FD650_DIG0_ADDR,"aaaaaaaa");
  29   1              delayms(DELAY_TIME * 5);
  30   1              FD650_DispString(FD650_DIG0_ADDR,"00000000");
  31   1              delayms(DELAY_TIME * 5);
  32   1              FD650_DispString(FD650_DIG0_ADDR,"ffffffff");
  33   1              delayms(DELAY_TIME * 5);
  34   1      
  35   1              
  36   1              //显示方式1:同时显示8位中的1位
  37   1              for(i = 0; i < LED_DIS_LENGHT; i++)
  38   1              {       
  39   2                      str[i] = 0;
  40   2              }       
  41   1              FD650_DispString(FD650_DIG0_ADDR,"        ");
  42   1              for(j = 0; j < 9; j++)
  43   1              {
  44   2                      for(i = 0; i < LED_DIS_LENGHT; i++)
  45   2                      {       
  46   3                              str[i] = 1<<j;
  47   3                      }
  48   2                      FD650_DispHex(FD650_DIG0_ADDR, str);
  49   2                      delayms(DELAY_TIME * 5);
  50   2              }
  51   1              
  52   1              //显示方式2:每次显示增加1位
  53   1              for(i = 0; i < LED_DIS_LENGHT; i++)
  54   1              {       
C51 COMPILER V9.00   FD650APP                                                              12/05/2016 11:16:55 PAGE 2   

  55   2                      str[i] = 0;
  56   2              }       
  57   1              FD650_DispString(FD650_DIG0_ADDR,"        ");
  58   1              for(j = 0; j < LED_DIS_LENGHT; j++)
  59   1              {
  60   2                      for(i = 0; i < 8; i++)
  61   2                      {       
  62   3                              str[j] = 1<<i | str[j];
  63   3                              FD650_DispHex(FD650_DIG0_ADDR, str);
  64   3                              delayms(DELAY_TIME);
  65   3                      }
  66   2              }
  67   1              
  68   1              //显示方式3:一位一位的显示
  69   1              for(i = 0; i < LED_DIS_LENGHT; i++)
  70   1              {       
  71   2                      str[i] = 0;
  72   2              }       
  73   1              FD650_DispString(FD650_DIG0_ADDR,"        ");
  74   1              for(j = 0; j < LED_DIS_LENGHT; j++)
  75   1              {
  76   2                      for(i = 0; i < 8; i++)
  77   2                      {       
  78   3                              str[j] = 1<<i;
  79   3                              FD650_DispHex(FD650_DIG0_ADDR, str);
  80   3                              delayms(DELAY_TIME);
  81   3                      }
  82   2                      str[j] = 0;
  83   2              }       
  84   1              
  85   1              FD650_DispString(FD650_DIG0_ADDR,"kkkkkkkk");
  86   1              delayms(DELAY_TIME);
  87   1      }
  88          
  89          //按键测试 + 显示
  90          void FD650App_TestMode2(void)
  91          {
  92   1              char str[LED_DIS_LENGHT + 1] = " ";
  93   1              static unsigned long i = 0;
  94   1              u8 KeyNum = 0;
  95   1              static u8 KeyBufe;
  96   1              u32 KeyNumLong = 0x00;
  97   1              u8 j = 0;
  98   1              KeyNum = FD650_RdSW();
  99   1      //      for(j = 0; j < KEY_TABLE_LENGTH; j ++)
 100   1      //      {
 101   1      //              if((KeyNum == KeyTable[j]) || (KeyNum == (KeyTable[j] | 0x40)))
 102   1      //              {
 103   1      //                      // j = 0;
 104   1      //                      break;
 105   1      //              }
 106   1      //      }
 107   1      //      if(j == KEY_TABLE_LENGTH)
 108   1      //      {
 109   1      //              printf("Error Key = %02bx!!!!!!!!!!!!!!!!!!!!!!!!!!!!!!!!!\n", KeyNum);
 110   1      //      }
 111   1              if(KeyNum != KeyBufe)   //有按键按下或者按键值不一样
 112   1              {
 113   2                      FD650_INT = 1;
 114   2                      printf("Key = %02bx\n", KeyNum);
 115   2                      FD650_INT = 0;
 116   2              }
C51 COMPILER V9.00   FD650APP                                                              12/05/2016 11:16:55 PAGE 3   

 117   1              KeyBufe = KeyNum;       //记录上一个按键值
 118   1              
 119   1      //      if(i < 0xffff) 
 120   1      //      {
 121   1      //              i ++;
 122   1      //      }
 123   1      //      else
 124   1      //      {
 125   1      //              i = 0;
 126   1      //      }
 127   1      //      KeyNumLong = KeyNum;
 128   1      //      KeyNumLong = KeyNumLong | (i<<16);
 129   1      //      sprintf(str,"%08lx",KeyNumLong);
 130   1      //      FD650_DispString(FD650_DIG0_ADDR,str);
 131   1              
 132   1              
 133   1      }
*** WARNING C280 IN LINE 93 OF SRC\FD650APP.C: 'i': unreferenced local variable
 134          
 135          //其他
 136          void FD650App_TestMode3(void)
 137          {
 138   1              
 139   1      }


MODULE INFORMATION:   STATIC OVERLAYABLE
   CODE SIZE        =   1151    ----
   CONSTANT SIZE    =    118    ----
   XDATA SIZE       =      5      24
   PDATA SIZE       =   ----    ----
   DATA SIZE        =   ----    ----
   IDATA SIZE       =   ----    ----
   BIT SIZE         =   ----    ----
END OF MODULE INFORMATION.


C51 COMPILATION COMPLETE.  1 WARNING(S),  0 ERROR(S)
