C51 COMPILER V9.00   FD650DRV                                                              12/05/2016 11:16:55 PAGE 1   


C51 COMPILER V9.00, COMPILATION OF MODULE FD650DRV
OBJECT MODULE PLACED IN .\output\FD650Drv.obj
COMPILER INVOKED BY: f:\Keil\C51\BIN\C51.EXE src\FD650Drv.C LARGE BROWSE INCDIR(..\src;..\inc;.\src) DEBUG OBJECTEXTEND 
                    -PRINT(.\FD650Drv.lst) OBJECT(.\output\FD650Drv.obj)

line level    source

   1          /** 
   2          * @file                   FD650Drv.C    数码管显示驱动/按键扫描芯片 客户代码
   3          * @brief       FD650 的驱动
   4          * @author      ywaby
   5          * @version     A2 
   6          * @date                         2013-11-18    
   7          * @note
   8          * @details  
   9          * @copyright Copyright (c) 2013 by FUZHOU FUDA HISI MICROELECTRONICS CO.,LTD.              
  10          */
  11          /** @addtogroup FD650_DRIVER FD650 驱动
  12            @{
  13          */
  14          #define FD650DRV_GLOBALS
  15          
  16          /** @addtogroup FD650_REMOVE 移植修改
  17            @{
  18          */
  19          //typedef unsigned char  BOOLEAN;       //注意：不要使用bit定义，因为在结构体里无法使用
  20          //typedef unsigned char  INT8U;         //无符号8位数
  21          #define CONST const
  22          
  23          #include "FD650Drv.H"
  24          
  25          //sbit FD650_SCL = P3^5;
  26          //sbit FD650_SDA = P3^4;
  27          
  28          sbit FD650_SCL = P3^4;
  29          sbit FD650_SDA = P3^5;
  30          
  31          //sbit FD650_SCL = P0^0;
  32          //sbit FD650_SDA = P0^1;
  33            
  34          /* SCL 脚输出高电平 */
  35           void FD650_scl_set(void){
  36   1              FD650_SCL = 1;
  37   1       }
  38          /* SCL 脚输出低电平 */
  39           void FD650_scl_clr(void){
  40   1              FD650_SCL = 0;
  41   1      }
  42          /* SCL 脚输出方向 */
  43           void FD650_scl_dout(void){
  44   1      }
  45          /* SDA 脚输出高电平 */
  46           void FD650_sda_set(void){
  47   1              FD650_SDA = 1;
  48   1      }
  49          /* SDA 脚输出低电平 */
  50          void FD650_sda_clr(void){
  51   1              FD650_SDA = 0;
  52   1      }
  53          /* SDA 脚读电平 */
  54           BOOLEAN FD650_sda_get(void){
C51 COMPILER V9.00   FD650DRV                                                              12/05/2016 11:16:55 PAGE 2   

  55   1              return FD650_SDA;
  56   1       }
  57          /* SDA 脚输出方向 */
  58           void FD650_sda_dout(void){
  59   1      }
  60          /* SCL 脚输入方向 */
  61           void FD650_sda_din(void){
  62   1      }
  63          /* 模拟总线电平持续延时 */
  64           void FD650_delay(void){
  65   1      //   delayus(5);
  66   1      }
  67          /* @} FD650_REMOVE */
  68          /**
  69           * @addtogroup  FD650_APP_DATA   相关数据
  70           * @{
  71           */ 
  72          /** 
  73           * @brief 数码管码值编码数组,依次对应的显示：0,1,2,3,4,5,6,7,8,9,A,b,C,d,E,F                    
  74           */
  75          CONST INT8U DISP_TAB[0x10]={0x3f,0x06,0x5B,0x4F,0x66,0x6D,0x7d,0x07,0x7F,0x6F,0x77,0x7c,0x39,0x5e,0x79,0x7
             -1};
  76          
  77           #define FD650_DECODE_TAB_NUM 15*4 ///<FD650_DecodeTab[]的字符个数
  78          typedef struct 
  79          {
  80                  INT8U Character; ///<字符
  81                  INT8U Bitmap;     ///<字符对应的码值
  82          } Struct_LED_Bitmap; ///<数码管的码值和字符的对应结构体，用于查表
  83          ///<共阴数码管的码值和字符的对应表格，用于查表
  84          CONST Struct_LED_Bitmap FD650_DecodeTab[FD650_DECODE_TAB_NUM] = {
  85                  {'0', 0x3F}, {'1', 0x06}, {'2', 0x5B}, {'3', 0x4F},
  86                  {'4', 0x66}, {'5', 0x6D}, {'6', 0x7D}, {'7', 0x07},
  87                  {'8', 0x7F}, {'9', 0x6F}, {'a', 0x77}, {'A', 0x77},
  88                  {'b', 0x7C}, {'B', 0x7C}, {'c', 0x39}, {'C', 0x39},
  89                  {'d', 0x5E}, {'D', 0x5E}, {'e', 0x79}, {'E', 0X7b},
  90                  {'f', 0x71}, {'F', 0x71}, {'g', 0x6F}, {'G', 0x3D},
  91                  {'h', 0x74}, {'H', 0x76}, {'i', 0x04}, {'I', 0x06},
  92                  {'j', 0x1E}, {'J', 0x1E}, {'l', 0x38}, {'L', 0x38},
  93                  {'n', 0x54}, {'N', 0x37}, {'o', 0x5C}, {'O', 0x3F},
  94                  {'p', 0x73}, {'P', 0x73}, {'q', 0x67}, {'Q', 0x67},
  95                  {'r', 0x50}, {'R', 0x77}, {'s', 0x6D}, {'S', 0x6D},
  96                  {'t', 0x78}, {'T', 0x31}, {'u', 0x3E}, {'U', 0x3E},
  97                  {'y', 0x6E}, {'Y', 0x6E}, {'z', 0x5B}, {'Z', 0x5B},
  98                  {':', 0xfe}, {'-', 0x40}, {'_', 0x08}, {' ', 0x00},
  99                  {'k', 0xff}
 100          };
 101          /* @} FD650_APP_DATA */
 102          
 103            /**
 104           *  @brief  共阴数码管的查表函数
 105           *  @param  cTemp 查找的字符
 106           *  @retval INT8U  
 107           *  @return 字符对应的共阴数码管码值
 108           *  @note   使用该函数需要打开 FD650_DECODE_TAB_EN 
 109           *  @par Example
 110           *  @code
 111           *  char CTmp;
 112           *  CTmp=DispGetCode('S');
 113           *  @endcode 
 114           */ 
 115          INT8U DispGetCode(char cTemp)
C51 COMPILER V9.00   FD650DRV                                                              12/05/2016 11:16:55 PAGE 3   

 116          {
 117   1              INT8U i, Bitmap=0x00;
 118   1              for(i=0; i<FD650_DECODE_TAB_NUM; i++)
 119   1              {
 120   2                      if(FD650_DecodeTab[i].Character == cTemp)
 121   2                      {
 122   3                              Bitmap = FD650_DecodeTab[i].Bitmap;
 123   3                              break;
 124   3                      }
 125   2              }
 126   1              return Bitmap;
 127   1      }
 128            /**
 129           *  @brief FD650 某个显示地址开始显示相应的字符串
 130           *  @param  Addr 字符串显示的起始地址
 131           *  @param  PStr 指向相应的字符串
 132           *  @retval INT8U  
 133           *  @return 返回函数执行结果,0为执行成功，1为起始地址超出最大地址
 134           *  @note   使用该函数需要打开 FD650_DECODE_TAB_EN 
 135           *  @par Example
 136           *  @code
 137           *  FD650_DispString(FD650_DIG3_ADDR,"FD650");
 138           *  @endcode 
 139           */ 
 140          void FD650_DispString( INT8U Addr,char *PStr)
 141          {
 142   1              INT8U i;
 143   1        Addr=(Addr-FD650_DIG0_ADDR);
 144   1              for(i=0;i<LED_DIS_LENGHT;i++)
 145   1              {
 146   2          
 147   2                      if(PStr[i]=='\0')break;//判断是否到达字符串的尾部
 148   2                      FD650_DispBuff.DispData[i+Addr]=DispGetCode(PStr[i]);
 149   2              }
 150   1              FD650_Refresh();
 151   1      }
 152          
 153           void FD650_DispHex( INT8U Addr,char *PStr)
 154           {
 155   1               INT8U i;
 156   1         Addr=(Addr-FD650_DIG0_ADDR);
 157   1               for(i=0;i<LED_DIS_LENGHT;i++)
 158   1               {
 159   2               
 160   2      //               if(PStr[i]=='\0')break;//判断是否到达字符串的尾部
 161   2      //               FD650_DispBuff.DispData[i+Addr]=DispGetCode(PStr[i]);
 162   2                      FD650_DispBuff.DispData[i+Addr]=PStr[i];
 163   2               }
 164   1               FD650_Refresh();
 165   1       }
 166          
 167           /**
 168           *  @brief  刷新FD650的相关数据
 169           *  @param  void
 170           *  @return void
 171           *  @note   用户可以根据需要进行修改
 172           */
 173          extern void FD650_Start( void );
 174          extern void FD650_Stop( void );
 175          extern void FD650_WrByte( INT8U dat );
 176          void FD650_Refresh(void)
 177          {
C51 COMPILER V9.00   FD650DRV                                                              12/05/2016 11:16:55 PAGE 4   

 178   1              #if (LED_DIS_LENGHT == 4)
 179   1              FD650_Wr(FD650_DIG0_ADDR,FD650_DispBuff.DispData[0]);
 180   1              FD650_Wr(FD650_DIG1_ADDR,FD650_DispBuff.DispData[1]);
 181   1              FD650_Wr(FD650_DIG2_ADDR,FD650_DispBuff.DispData[2]);
 182   1              FD650_Wr(FD650_DIG3_ADDR,FD650_DispBuff.DispData[3]);
 183   1              #endif
 184   1              
 185   1              #if (LED_DIS_LENGHT == 8)
                      FD650_Start();
                      FD650_WrByte(FD650_DIG0_ADDR);
                      FD650_WrByte(FD650_DispBuff.DispData[0]);
                      FD650_WrByte(FD650_DispBuff.DispData[1]);
                      FD650_WrByte(FD650_DispBuff.DispData[2]);
                      FD650_WrByte(FD650_DispBuff.DispData[3]);
                      FD650_WrByte(FD650_DispBuff.DispData[4]);
                      FD650_WrByte(FD650_DispBuff.DispData[5]);
                      FD650_WrByte(FD650_DispBuff.DispData[6]);
                      FD650_WrByte(FD650_DispBuff.DispData[7]);
                      FD650_Stop();
                      #endif
 198   1              /* FD650_Wr(FD650_STATE_WRCMD,FD650_DispBuff.SysState ); */
 199   1      }
 200           /**
 201           *  @brief  初始化FD650
 202           *  @param  void
 203           *  @return void
 204           *  @note 用户程序开始时调用该函数对FD650进行初始化
 205           *  @note 用户可以根据需要进行修改
 206           */
 207          void FD650_Init( void)
 208          {
 209   1        #if (LED_DIS_LENGHT == 4)
 210   1        FD650_DispBuff.DispData[0]=FD650_DISP_F;
 211   1        FD650_DispBuff.DispData[1]=FD650_DISP_6; 
 212   1        FD650_DispBuff.DispData[2]=FD650_DISP_5;
 213   1        FD650_DispBuff.DispData[3]=FD650_DISP_0;
 214   1        FD650_Refresh();  
 215   1        #endif
 216   1      
 217   1        #if (LED_DIS_LENGHT == 8)
                FD650_DispBuff.DispData[0]=FD650_DISP_F;
                FD650_DispBuff.DispData[1]=FD650_DISP_6; 
                FD650_DispBuff.DispData[2]=FD650_DISP_3;
                FD650_DispBuff.DispData[3]=FD650_DISP_8;
                FD650_DispBuff.DispData[4]=FD650_DISP_F| 0x80;
                FD650_DispBuff.DispData[5]=FD650_DISP_6| 0x80;
                FD650_DispBuff.DispData[6]=FD650_DISP_3| 0x80;
                FD650_DispBuff.DispData[7]=FD650_DISP_8| 0x80;
                FD650_Refresh();  
                #endif
 228   1      }
 229          /* @} FD650_DRIVER */
 230           /******************* (C) COPYRIGHT 2013 FDHISI *****END OF FILE****/


MODULE INFORMATION:   STATIC OVERLAYABLE
   CODE SIZE        =    256    ----
   CONSTANT SIZE    =   ----    ----
   XDATA SIZE       =    141       7
   PDATA SIZE       =   ----    ----
   DATA SIZE        =   ----    ----
   IDATA SIZE       =   ----    ----
C51 COMPILER V9.00   FD650DRV                                                              12/05/2016 11:16:55 PAGE 5   

   BIT SIZE         =   ----    ----
END OF MODULE INFORMATION.


C51 COMPILATION COMPLETE.  0 WARNING(S),  0 ERROR(S)
