00000000 cdfe                 GOTO 0x1; crt0.o:initial_ram_bss=0x1
00000001                      crt0.o:initial_ram_bss:
00000004                      crt0.o:.l0:
0000000a                      crt0.o:initial_ram_cinit:
0000000d                      crt0.o:startup_exit:
0000000d ff53                 MOVAR 0x2c
0000000e def0                 MOVIA 0xf
0000000f fbd3                 SUBAR 0x2c, 0x0
00000010 f7fc                 BTRSS 0x3, 0x0
00000011 c7eb                 LGOTO 0x14; F628.o:_00179_DS_=0x14
00000012 defe                 MOVIA 0x1
00000013 c7cc                 LGOTO 0x33; F628.o:_00184_DS_=0x33
00000014                      F628.o:_00179_DS_:
00000014 debf                 MOVIA 0x40
00000015                      ___cinit_size__:
00000015 d7cb                 LCALL 0x34; _FD668_Command=0x34
00000016                      F628.o:.P0:
00000016 d7a6                 LCALL 0x59; F628.o:_FD668_Start=0x59
00000017                      F628.o:.P1:
00000017 de3f                 MOVIA 0xc0
00000018 eed3                 IORAR 0x2c, 0x0
00000019 ff52                 MOVAR 0x2d
0000001a d7c5                 LCALL 0x3a; _FD668_WrByte=0x3a
0000001b                      F628.o:.P2:
0000001b def8                 MOVIA 0x7
0000001c fbd3                 SUBAR 0x2c, 0x0
0000001d f3fc                 BTRSC 0x3, 0x0
0000001e c7ce                 LGOTO 0x31; F628.o:_00180_DS_=0x31
0000001f fed3                 MOVR 0x2c, 0x0
00000020 dacc                 ADDIA 0x33
00000021 ff52                 MOVAR 0x2d
00000022 deff                 MOVIA 0x0
00000023 f3fc                 BTRSC 0x3, 0x0
00000024 dafe                 ADDIA 0x1
00000025 ff51                 MOVAR 0x2e
00000026 fed2                 MOVR 0x2d, 0x0
00000027 ff61                 MOVAR 0x1e
00000028 fed1                 MOVR 0x2e, 0x0
00000029 ff60                 MOVAR 0x1f
0000002a deff                 MOVIA 0x0
0000002b d623                 LCALL 0x1dc; __gptrget=0x1dc
0000002c                      F628.o:.P3:
0000002c d7c5                 LCALL 0x3a; _FD668_WrByte=0x3a
0000002d                      F628.o:.P4:
0000002d deff                 MOVIA 0x0
0000002e d7c5                 LCALL 0x3a; _FD668_WrByte=0x3a
0000002f                      F628.o:.P5:
0000002f fa53                 INCR 0x2c, 0x1
00000030 c7e4                 LGOTO 0x1b; F628.o:.P2=0x1b
00000031                      F628.o:_00180_DS_:
00000031 d7ac                 LCALL 0x53; F628.o:_FD668_Stop=0x53
00000032                      F628.o:.P6:
00000032 deff                 MOVIA 0x0
00000033                      F628.o:_00184_DS_:
00000033 ffef                 RET
00000034                      _FD668_Command:
00000034 ff54                 MOVAR 0x2b
00000035 d7a6                 LCALL 0x59; F628.o:_FD668_Start=0x59
00000036                      F628.o:.P7:
00000036 fed4                 MOVR 0x2b, 0x0
00000037 d7c5                 LCALL 0x3a; _FD668_WrByte=0x3a
00000038                      F628.o:.P8:
00000038 d7ac                 LCALL 0x53; F628.o:_FD668_Stop=0x53
00000039                      F628.o:.P9:
00000039 ffef                 RET
0000003a                      _FD668_WrByte:
0000003a ff56                 MOVAR 0x29
0000003b fd55                 CLRR 0x2a
0000003c                      F628.o:_00169_DS_:
0000003c e379                 BCR 0x6, 0x1
0000003d f7d6                 BTRSS 0x29, 0x0
0000003e c7be                 LGOTO 0x41; F628.o:_00166_DS_=0x41
0000003f e7f9                 BSR 0x6, 0x0
00000040 c7bd                 LGOTO 0x42; F628.o:_00167_DS_=0x42
00000041                      F628.o:_00166_DS_:
00000041 e3f9                 BCR 0x6, 0x0
00000042                      F628.o:_00167_DS_:
00000042 defe                 MOVIA 0x1
00000043 ff60                 MOVAR 0x1f
00000044 deff                 MOVIA 0x0
00000045 d790                 LCALL 0x6f; _delay_us=0x6f
00000046                      F628.o:.P10:
00000046 e779                 BSR 0x6, 0x1
00000047 e3fc                 BCR 0x3, 0x0
00000048 ec56                 RRR 0x29, 0x1
00000049 defe                 MOVIA 0x1
0000004a ff60                 MOVAR 0x1f
0000004b deff                 MOVIA 0x0
0000004c d790                 LCALL 0x6f; _delay_us=0x6f
0000004d                      F628.o:.P11:
0000004d fa55                 INCR 0x2a, 0x1
0000004e def7                 MOVIA 0x8
0000004f fbd5                 SUBAR 0x2a, 0x0
00000050 f7fc                 BTRSS 0x3, 0x0
00000051 c7c3                 LGOTO 0x3c; F628.o:_00169_DS_=0x3c
00000052 ffef                 RET
00000053                      F628.o:_FD668_Stop:
00000053 e779                 BSR 0x6, 0x1
00000054 d795                 LCALL 0x6a; _Delay10us=0x6a
00000055                      F628.o:.P12:
00000055 d79c                 LCALL 0x63; _FD668_CHOOSE_STB_SET=0x63
00000056                      F628.o:.P13:
00000056 e7f9                 BSR 0x6, 0x0
00000057 d795                 LCALL 0x6a; _Delay10us=0x6a
00000058                      F628.o:.P14:
00000058 ffef                 RET
00000059                      F628.o:_FD668_Start:
00000059 d7a3                 LCALL 0x5c; _FD668_CHOOSE_STB_CLR=0x5c
0000005a                      F628.o:.P15:
0000005a d795                 LCALL 0x6a; _Delay10us=0x6a
0000005b                      F628.o:.P16:
0000005b ffef                 RET
0000005c                      _FD668_CHOOSE_STB_CLR:
0000005c fec4                 MOVR 0x3b, 0x0
0000005d f2fc                 BTRSC 0x3, 0x2
0000005e c79e                 LGOTO 0x61; F628.o:_00150_DS_=0x61
0000005f e1f9                 BCR 0x6, 0x4
00000060 c79d                 LGOTO 0x62; F628.o:_00152_DS_=0x62
00000061                      F628.o:_00150_DS_:
00000061 e2f9                 BCR 0x6, 0x2
00000062                      F628.o:_00152_DS_:
00000062 ffef                 RET
00000063                      _FD668_CHOOSE_STB_SET:
00000063 fec4                 MOVR 0x3b, 0x0
00000064 f2fc                 BTRSC 0x3, 0x2
00000065 c797                 LGOTO 0x68; F628.o:_00142_DS_=0x68
00000066 e5f9                 BSR 0x6, 0x4
00000067 c796                 LGOTO 0x69; F628.o:_00144_DS_=0x69
00000068                      F628.o:_00142_DS_:
00000068 e6f9                 BSR 0x6, 0x2
00000069                      F628.o:_00144_DS_:
00000069 ffef                 RET
0000006a                      _Delay10us:
0000006a defe                 MOVIA 0x1
0000006b ff60                 MOVAR 0x1f
0000006c deff                 MOVIA 0x0
0000006d d790                 LCALL 0x6f; _delay_us=0x6f
0000006e                      F628.o:.P17:
0000006e ffef                 RET
0000006f                      _delay_us:
0000006f ff59                 MOVAR 0x26
00000070 fee0                 MOVR 0x1f, 0x0
00000071 ff5a                 MOVAR 0x25
00000072 fd58                 CLRR 0x27
00000073 fd57                 CLRR 0x28
00000074                      F628.o:_00125_DS_:
00000074 fa58                 INCR 0x27, 0x1
00000075 f2fc                 BTRSC 0x3, 0x2
00000076 fa57                 INCR 0x28, 0x1
00000077 fed7                 MOVR 0x28, 0x0
00000078 fbd9                 SUBAR 0x26, 0x0
00000079 f6fc                 BTRSS 0x3, 0x2
0000007a c782                 LGOTO 0x7d; F628.o:_00132_DS_=0x7d
0000007b fed8                 MOVR 0x27, 0x0
0000007c fbda                 SUBAR 0x25, 0x0
0000007d                      F628.o:_00132_DS_:
0000007d f3fc                 BTRSC 0x3, 0x0
0000007e c78b                 LGOTO 0x74; F628.o:_00125_DS_=0x74
0000007f ffef                 RET
00000080                      _delay:
00000080 ff5e                 MOVAR 0x21
00000081 fee0                 MOVR 0x1f, 0x0
00000082 ff5f                 MOVAR 0x20
00000083 defe                 MOVIA 0x1
00000084 ff5d                 MOVAR 0x22
00000085 fd5c                 CLRR 0x23
00000086                      F628.o:_00107_DS_:
00000086 fede                 MOVR 0x21, 0x0
00000087 da7f                 ADDIA 0x80
00000088 ff5b                 MOVAR 0x24
00000089 fedc                 MOVR 0x23, 0x0
0000008a da7f                 ADDIA 0x80
0000008b fbdb                 SUBAR 0x24, 0x0
0000008c f6fc                 BTRSS 0x3, 0x2
0000008d c76f                 LGOTO 0x90; F628.o:_00118_DS_=0x90
0000008e fedd                 MOVR 0x22, 0x0
0000008f fbdf                 SUBAR 0x20, 0x0
00000090                      F628.o:_00118_DS_:
00000090 f7fc                 BTRSS 0x3, 0x0
00000091 c769                 LGOTO 0x96; F628.o:_00109_DS_=0x96
00000092 fa5d                 INCR 0x22, 0x1
00000093 f2fc                 BTRSC 0x3, 0x2
00000094 fa5c                 INCR 0x23, 0x1
00000095 c779                 LGOTO 0x86; F628.o:_00107_DS_=0x86
00000096                      F628.o:_00109_DS_:
00000096 ffef                 RET
00000097                      _gpio_config:
00000097 e073                 BCR 0xc, 0x7
00000098 ffe9                 IOSTR 0x6
00000099 ff50                 MOVAR 0x2f
0000009a e3d0                 BCR 0x2f, 0x0
0000009b fed0                 MOVR 0x2f, 0x0
0000009c fff9                 IOST 0x6
0000009d e7f9                 BSR 0x6, 0x0
0000009e ffe9                 IOSTR 0x6
0000009f ff50                 MOVAR 0x2f
000000a0 e350                 BCR 0x2f, 0x1
000000a1 fed0                 MOVR 0x2f, 0x0
000000a2 fff9                 IOST 0x6
000000a3 e779                 BSR 0x6, 0x1
000000a4 ffe9                 IOSTR 0x6
000000a5 ff50                 MOVAR 0x2f
000000a6 e2d0                 BCR 0x2f, 0x2
000000a7 fed0                 MOVR 0x2f, 0x0
000000a8 fff9                 IOST 0x6
000000a9 e6f9                 BSR 0x6, 0x2
000000aa ffe9                 IOSTR 0x6
000000ab ff50                 MOVAR 0x2f
000000ac e1d0                 BCR 0x2f, 0x4
000000ad fed0                 MOVR 0x2f, 0x0
000000ae fff9                 IOST 0x6
000000af e5f9                 BSR 0x6, 0x4
000000b0 ffe9                 IOSTR 0x6
000000b1 ff50                 MOVAR 0x2f
000000b2 e550                 BSR 0x2f, 0x5
000000b3 fed0                 MOVR 0x2f, 0x0
000000b4 fff9                 IOST 0x6
000000b5 ffe9                 IOSTR 0x6
000000b6 ff50                 MOVAR 0x2f
000000b7 e650                 BSR 0x2f, 0x3
000000b8 fed0                 MOVR 0x2f, 0x0
000000b9 fff9                 IOST 0x6
000000ba ffef                 RET
000000bb                      _main:
000000bb d768                 LCALL 0x97; _gpio_config=0x97
000000bc                      main.o:.P0:
000000bc d667                 LCALL 0x198; _FD668_init=0x198
000000bd                      main.o:.P1:
000000bd f279                 BTRSC 0x6, 0x3
000000be c732                 LGOTO 0xcd; main.o:_00158_DS_=0xcd
000000bf de9b                 MOVIA 0x64
000000c0 ff60                 MOVAR 0x1f
000000c1 deff                 MOVIA 0x0
000000c2 d77f                 LCALL 0x80; _delay=0x80
000000c3                      main.o:.P2:
000000c3 f279                 BTRSC 0x6, 0x3
000000c4 c734                 LGOTO 0xcb; main.o:.P3=0xcb
000000c5 fa45                 INCR 0x3a, 0x1
000000c6 fec5                 MOVR 0x3a, 0x0
000000c7 dbfc                 XORIA 0x3
000000c8 f2fc                 BTRSC 0x3, 0x2
000000c9 fd45                 CLRR 0x3a
000000ca d720                 LCALL 0xdf; _FD668_DispTest=0xdf
000000cb                      main.o:.P3:
000000cb f679                 BTRSS 0x6, 0x3
000000cc c734                 LGOTO 0xcb; main.o:.P3=0xcb
000000cd                      main.o:_00158_DS_:
000000cd f179                 BTRSC 0x6, 0x5
000000ce c742                 LGOTO 0xbd; main.o:.P1=0xbd
000000cf de9b                 MOVIA 0x64
000000d0 ff60                 MOVAR 0x1f
000000d1 deff                 MOVIA 0x0
000000d2 d77f                 LCALL 0x80; _delay=0x80
000000d3                      main.o:.P4:
000000d3 f179                 BTRSC 0x6, 0x5
000000d4 c724                 LGOTO 0xdb; main.o:.P5=0xdb
000000d5 fa43                 INCR 0x3c, 0x1
000000d6 def7                 MOVIA 0x8
000000d7 fbc3                 SUBAR 0x3c, 0x0
000000d8 f3fc                 BTRSC 0x3, 0x0
000000d9 fd43                 CLRR 0x3c
000000da d720                 LCALL 0xdf; _FD668_DispTest=0xdf
000000db                      main.o:.P5:
000000db f579                 BTRSS 0x6, 0x5
000000dc c724                 LGOTO 0xdb; main.o:.P5=0xdb
000000dd c742                 LGOTO 0xbd; main.o:.P1=0xbd
000000de ffef                 RET
000000df                      _FD668_DispTest:
000000df fec5                 MOVR 0x3a, 0x0
000000e0 ff4f                 MOVAR 0x30
000000e1 defc                 MOVIA 0x3
000000e2 fbcf                 SUBAR 0x30, 0x0
000000e3 f3fc                 BTRSC 0x3, 0x0
000000e4 c668                 LGOTO 0x197; main.o:.P25=0x197
000000e5 deff                 MOVIA 0x0
000000e6 ff75                 MOVAR 0xa
000000e7 fecf                 MOVR 0x30, 0x0
000000e8 da13                 ADDIA 0xec
000000e9 f3fc                 BTRSC 0x3, 0x0
000000ea fa75                 INCR 0xa, 0x1
000000eb ff7d                 MOVAR 0x2
000000ec                      main.o:_00145_DS_:
000000ec c710                 LGOTO 0xef; main.o:_00114_DS_=0xef
000000ed c6cc                 LGOTO 0x133; main.o:_00117_DS_=0x133
000000ee c699                 LGOTO 0x166; main.o:_00118_DS_=0x166
000000ef                      main.o:_00114_DS_:
000000ef fd44                 CLRR 0x3b
000000f0 defc                 MOVIA 0x3
000000f1 d7cb                 LCALL 0x34; _FD668_Command=0x34
000000f2                      main.o:.P6:
000000f2 def0                 MOVIA 0xf
000000f3 efc3                 ANDAR 0x3c, 0x0
000000f4 ff4f                 MOVAR 0x30
000000f5 de77                 MOVIA 0x88
000000f6 ee4f                 IORAR 0x30, 0x1
000000f7 fecf                 MOVR 0x30, 0x0
000000f8 d7cb                 LCALL 0x34; _FD668_Command=0x34
000000f9                      main.o:.P7:
000000f9 fd4f                 CLRR 0x30
000000fa                      main.o:_00121_DS_:
000000fa fecf                 MOVR 0x30, 0x0
000000fb dacc                 ADDIA 0x33
000000fc ff4e                 MOVAR 0x31
000000fd deff                 MOVIA 0x0
000000fe f3fc                 BTRSC 0x3, 0x0
000000ff dafe                 ADDIA 0x1
00000100 ff4d                 MOVAR 0x32
00000101 de00                 MOVIA 0xff
00000102 ff62                 MOVAR 0x1d
00000103 fece                 MOVR 0x31, 0x0
00000104 ff61                 MOVAR 0x1e
00000105 fecd                 MOVR 0x32, 0x0
00000106 ff60                 MOVAR 0x1f
00000107 deff                 MOVIA 0x0
00000108 d613                 LCALL 0x1ec; __gptrput=0x1ec
00000109                      main.o:.P8:
00000109 fa4f                 INCR 0x30, 0x1
0000010a def8                 MOVIA 0x7
0000010b fbcf                 SUBAR 0x30, 0x0
0000010c f7fc                 BTRSS 0x3, 0x0
0000010d c705                 LGOTO 0xfa; main.o:_00121_DS_=0xfa
0000010e deff                 MOVIA 0x0
0000010f d7f2                 LCALL 0xd; crt0.o:startup_exit=0xd
00000110                      main.o:.P9:
00000110 defe                 MOVIA 0x1
00000111 ff44                 MOVAR 0x3b
00000112 defc                 MOVIA 0x3
00000113 d7cb                 LCALL 0x34; _FD668_Command=0x34
00000114                      main.o:.P10:
00000114 def0                 MOVIA 0xf
00000115 efc3                 ANDAR 0x3c, 0x0
00000116 ff4f                 MOVAR 0x30
00000117 de77                 MOVIA 0x88
00000118 ee4f                 IORAR 0x30, 0x1
00000119 fecf                 MOVR 0x30, 0x0
0000011a d7cb                 LCALL 0x34; _FD668_Command=0x34
0000011b                      main.o:.P11:
0000011b fd4f                 CLRR 0x30
0000011c                      main.o:_00123_DS_:
0000011c fecf                 MOVR 0x30, 0x0
0000011d dacc                 ADDIA 0x33
0000011e ff4e                 MOVAR 0x31
0000011f deff                 MOVIA 0x0
00000120 f3fc                 BTRSC 0x3, 0x0
00000121 dafe                 ADDIA 0x1
00000122 ff4d                 MOVAR 0x32
00000123 de00                 MOVIA 0xff
00000124 ff62                 MOVAR 0x1d
00000125 fece                 MOVR 0x31, 0x0
00000126 ff61                 MOVAR 0x1e
00000127 fecd                 MOVR 0x32, 0x0
00000128 ff60                 MOVAR 0x1f
00000129 deff                 MOVIA 0x0
0000012a d613                 LCALL 0x1ec; __gptrput=0x1ec
0000012b                      main.o:.P12:
0000012b fa4f                 INCR 0x30, 0x1
0000012c def8                 MOVIA 0x7
0000012d fbcf                 SUBAR 0x30, 0x0
0000012e f7fc                 BTRSS 0x3, 0x0
0000012f c6e3                 LGOTO 0x11c; main.o:_00123_DS_=0x11c
00000130 deff                 MOVIA 0x0
00000131 d7f2                 LCALL 0xd; crt0.o:startup_exit=0xd
00000132                      main.o:.P13:
00000132 c668                 LGOTO 0x197; main.o:.P25=0x197
00000133                      main.o:_00117_DS_:
00000133 fd44                 CLRR 0x3b
00000134 defc                 MOVIA 0x3
00000135 d7cb                 LCALL 0x34; _FD668_Command=0x34
00000136                      main.o:.P14:
00000136 def0                 MOVIA 0xf
00000137 efc3                 ANDAR 0x3c, 0x0
00000138 ff4f                 MOVAR 0x30
00000139 de77                 MOVIA 0x88
0000013a ee4f                 IORAR 0x30, 0x1
0000013b fecf                 MOVR 0x30, 0x0
0000013c d7cb                 LCALL 0x34; _FD668_Command=0x34
0000013d                      main.o:.P15:
0000013d deb6                 MOVIA 0x49
0000013e ff4c                 MOVAR 0x33
0000013f ff4b                 MOVAR 0x34
00000140 ff4a                 MOVAR 0x35
00000141 deb6                 MOVIA 0x49
00000142 ff49                 MOVAR 0x36
00000143 dedb                 MOVIA 0x24
00000144 ff48                 MOVAR 0x37
00000145 ff47                 MOVAR 0x38
00000146 de3c                 MOVIA 0xc3
00000147 ff46                 MOVAR 0x39
00000148 deff                 MOVIA 0x0
00000149 d7f2                 LCALL 0xd; crt0.o:startup_exit=0xd
0000014a                      main.o:.P16:
0000014a defe                 MOVIA 0x1
0000014b ff44                 MOVAR 0x3b
0000014c defc                 MOVIA 0x3
0000014d d7cb                 LCALL 0x34; _FD668_Command=0x34
0000014e                      main.o:.P17:
0000014e def0                 MOVIA 0xf
0000014f efc3                 ANDAR 0x3c, 0x0
00000150 ff4f                 MOVAR 0x30
00000151 de77                 MOVIA 0x88
00000152 ee4f                 IORAR 0x30, 0x1
00000153 fecf                 MOVR 0x30, 0x0
00000154 d7cb                 LCALL 0x34; _FD668_Command=0x34
00000155                      main.o:.P18:
00000155 deb6                 MOVIA 0x49
00000156 ff4c                 MOVAR 0x33
00000157 de36                 MOVIA 0xc9
00000158 ff4b                 MOVAR 0x34
00000159 deb6                 MOVIA 0x49
0000015a ff4a                 MOVAR 0x35
0000015b de36                 MOVIA 0xc9
0000015c ff49                 MOVAR 0x36
0000015d de65                 MOVIA 0x9a
0000015e ff48                 MOVAR 0x37
0000015f decc                 MOVIA 0x33
00000160 ff47                 MOVAR 0x38
00000161 defc                 MOVIA 0x3
00000162 ff46                 MOVAR 0x39
00000163 deff                 MOVIA 0x0
00000164 d7f2                 LCALL 0xd; crt0.o:startup_exit=0xd
00000165                      main.o:.P19:
00000165 c668                 LGOTO 0x197; main.o:.P25=0x197
00000166                      main.o:_00118_DS_:
00000166 fd44                 CLRR 0x3b
00000167 defc                 MOVIA 0x3
00000168 d7cb                 LCALL 0x34; _FD668_Command=0x34
00000169                      main.o:.P20:
00000169 def0                 MOVIA 0xf
0000016a efc3                 ANDAR 0x3c, 0x0
0000016b ff4f                 MOVAR 0x30
0000016c de77                 MOVIA 0x88
0000016d ee4f                 IORAR 0x30, 0x1
0000016e fecf                 MOVR 0x30, 0x0
0000016f d7cb                 LCALL 0x34; _FD668_Command=0x34
00000170                      main.o:.P21:
00000170 dec9                 MOVIA 0x36
00000171 ff4c                 MOVAR 0x33
00000172 ff4b                 MOVAR 0x34
00000173 ff4a                 MOVAR 0x35
00000174 dec9                 MOVIA 0x36
00000175 ff49                 MOVAR 0x36
00000176 deb6                 MOVIA 0x49
00000177 ff48                 MOVAR 0x37
00000178 ff47                 MOVAR 0x38
00000179 decc                 MOVIA 0x33
0000017a ff46                 MOVAR 0x39
0000017b deff                 MOVIA 0x0
0000017c d7f2                 LCALL 0xd; crt0.o:startup_exit=0xd
0000017d                      main.o:.P22:
0000017d defe                 MOVIA 0x1
0000017e ff44                 MOVAR 0x3b
0000017f defc                 MOVIA 0x3
00000180 d7cb                 LCALL 0x34; _FD668_Command=0x34
00000181                      main.o:.P23:
00000181 def0                 MOVIA 0xf
00000182 efc3                 ANDAR 0x3c, 0x0
00000183 ff4f                 MOVAR 0x30
00000184 de77                 MOVIA 0x88
00000185 ee4f                 IORAR 0x30, 0x1
00000186 fecf                 MOVR 0x30, 0x0
00000187 d7cb                 LCALL 0x34; _FD668_Command=0x34
00000188                      main.o:.P24:
00000188 de49                 MOVIA 0xb6
00000189 ff4c                 MOVAR 0x33
0000018a dec9                 MOVIA 0x36
0000018b ff4b                 MOVAR 0x34
0000018c de49                 MOVIA 0xb6
0000018d ff4a                 MOVAR 0x35
0000018e dec9                 MOVIA 0x36
0000018f ff49                 MOVAR 0x36
00000190 de9a                 MOVIA 0x65
00000191 ff48                 MOVAR 0x37
00000192 de33                 MOVIA 0xcc
00000193 ff47                 MOVAR 0x38
00000194 fd46                 CLRR 0x39
00000195 deff                 MOVIA 0x0
00000196 d7f2                 LCALL 0xd; crt0.o:startup_exit=0xd
00000197                      main.o:.P25:
00000197 ffef                 RET
00000198                      _FD668_init:
00000198 fd44                 CLRR 0x3b
00000199 defc                 MOVIA 0x3
0000019a d7cb                 LCALL 0x34; _FD668_Command=0x34
0000019b                      main.o:.P26:
0000019b def0                 MOVIA 0xf
0000019c efc3                 ANDAR 0x3c, 0x0
0000019d ff4f                 MOVAR 0x30
0000019e de77                 MOVIA 0x88
0000019f ee4f                 IORAR 0x30, 0x1
000001a0 fecf                 MOVR 0x30, 0x0
000001a1 d7cb                 LCALL 0x34; _FD668_Command=0x34
000001a2                      main.o:.P27:
000001a2 fd4f                 CLRR 0x30
000001a3                      main.o:_00107_DS_:
000001a3 fecf                 MOVR 0x30, 0x0
000001a4 dacc                 ADDIA 0x33
000001a5 ff4e                 MOVAR 0x31
000001a6 deff                 MOVIA 0x0
000001a7 f3fc                 BTRSC 0x3, 0x0
000001a8 dafe                 ADDIA 0x1
000001a9 ff4d                 MOVAR 0x32
000001aa de00                 MOVIA 0xff
000001ab ff62                 MOVAR 0x1d
000001ac fece                 MOVR 0x31, 0x0
000001ad ff61                 MOVAR 0x1e
000001ae fecd                 MOVR 0x32, 0x0
000001af ff60                 MOVAR 0x1f
000001b0 deff                 MOVIA 0x0
000001b1 d613                 LCALL 0x1ec; __gptrput=0x1ec
000001b2                      main.o:.P28:
000001b2 fa4f                 INCR 0x30, 0x1
000001b3 def8                 MOVIA 0x7
000001b4 fbcf                 SUBAR 0x30, 0x0
000001b5 f7fc                 BTRSS 0x3, 0x0
000001b6 c65c                 LGOTO 0x1a3; main.o:_00107_DS_=0x1a3
000001b7 deff                 MOVIA 0x0
000001b8 d7f2                 LCALL 0xd; crt0.o:startup_exit=0xd
000001b9                      main.o:.P29:
000001b9 defe                 MOVIA 0x1
000001ba ff44                 MOVAR 0x3b
000001bb defc                 MOVIA 0x3
000001bc d7cb                 LCALL 0x34; _FD668_Command=0x34
000001bd                      main.o:.P30:
000001bd def0                 MOVIA 0xf
000001be efc3                 ANDAR 0x3c, 0x0
000001bf ff4f                 MOVAR 0x30
000001c0 de77                 MOVIA 0x88
000001c1 ee4f                 IORAR 0x30, 0x1
000001c2 fecf                 MOVR 0x30, 0x0
000001c3 d7cb                 LCALL 0x34; _FD668_Command=0x34
000001c4                      main.o:.P31:
000001c4 fd4f                 CLRR 0x30
000001c5                      main.o:_00109_DS_:
000001c5 fecf                 MOVR 0x30, 0x0
000001c6 dacc                 ADDIA 0x33
000001c7 ff4e                 MOVAR 0x31
000001c8 deff                 MOVIA 0x0
000001c9 f3fc                 BTRSC 0x3, 0x0
000001ca dafe                 ADDIA 0x1
000001cb ff4d                 MOVAR 0x32
000001cc de00                 MOVIA 0xff
000001cd ff62                 MOVAR 0x1d
000001ce fece                 MOVR 0x31, 0x0
000001cf ff61                 MOVAR 0x1e
000001d0 fecd                 MOVR 0x32, 0x0
000001d1 ff60                 MOVAR 0x1f
000001d2 deff                 MOVIA 0x0
000001d3 d613                 LCALL 0x1ec; __gptrput=0x1ec
000001d4                      main.o:.P32:
000001d4 fa4f                 INCR 0x30, 0x1
000001d5 def8                 MOVIA 0x7
000001d6 fbcf                 SUBAR 0x30, 0x0
000001d7 f7fc                 BTRSS 0x3, 0x0
000001d8 c63a                 LGOTO 0x1c5; main.o:_00109_DS_=0x1c5
000001d9 deff                 MOVIA 0x0
000001da d7f2                 LCALL 0xd; crt0.o:startup_exit=0xd
000001db                      main.o:.P33:
000001db ffef                 RET
000001dc                      __gptrget:
000001e3                      _gptrget1.o:__dataptrget1:
000001e7                      __codeptrget1:
000001ec                      __gptrput:
000001f0                      _gptrput1.o:__dataptrput1:
000001f5                      ___cinit_load__:
