C51 COMPILER V9.52.0.0   MAIN                                                              01/31/2018 16:08:22 PAGE 1   


C51 COMPILER V9.52.0.0, COMPILATION OF MODULE MAIN
OBJECT MODULE PLACED IN .\Output\Main.obj
COMPILER INVOKED BY: E:\Keil_v5\C51\BIN\C51.EXE App\Main.C LARGE BROWSE INCDIR(.\StdDriver\inc;.\App) DEBUG OBJECTEXTEND
                    - PRINT(.\List\Main.lst) TABS(2) OBJECT(.\Output\Main.obj)

line level    source

   1          
   2          /********************************** (C) COPYRIGHT *******************************
   3          * File Name          : Main.C
   4          * Author             : WCH
   5          * Version            : V1.0
   6          * Date               : 2017/01/20
   7          * Description        : GPIO 设置与使用和GPIO中断使用示例   
   8          *******************************************************************************/
   9          #include "FD814.H"                                                   
  10          #include "Debug.H"
  11          #include "config.h"
  12          #include "FD612Drv.H"
  13          #include "stdio.h"
  14          #include <string.h>
  15          #include "usr.h"
  16          #pragma  NOAREGS
  17          
  18          extern unsigned char dislay_all_flag,sd_mode_flag;
  19          
  20          
  21          
  22          void main( ) 
  23          { 
  24   1      
  25   1          CfgFsys( );                                                                //CH554时钟选择配置   
  26   1          mDelaymS(20); 
  27   1          gpio_init();
  28   1          time0_init( );
  29   1          time1_init( );
  30   1          alarm_time_init();
  31   1          ADC0_INIT(0);
  32   1          DS1302_INIT();
  33   1          ADC_Convert( );
  34   1          FD612_Init( );
  35   1          display_init_first( );
  36   1      //    FD612_Init( );
  37   1         while(1)
  38   1             { 
  39   2      
  40   2      
  41   2                key_statue();
  42   2                if(dislay_all_flag==0)
  43   2                {      
  44   3                  display();
  45   3                  alarm_display ( );
  46   3      
  47   3                  mode1_select_dislay();
  48   3      
  49   3                  if(sd_mode_flag)
  50   3                  {
  51   4                    voice_control();
  52   4                  }
  53   3                 }
  54   2                  sd_mode ( );
C51 COMPILER V9.52.0.0   MAIN                                                              01/31/2018 16:08:22 PAGE 2   

  55   2                  Display_Mode_Select( );
  56   2              } 
  57   1        
  58   1      
  59   1                         
  60   1             
  61   1                  
  62   1      }
  63                
  64               
  65            


MODULE INFORMATION:   STATIC OVERLAYABLE
   CODE SIZE        =     74    ----
   CONSTANT SIZE    =   ----    ----
   XDATA SIZE       =   ----    ----
   PDATA SIZE       =   ----    ----
   DATA SIZE        =   ----    ----
   IDATA SIZE       =   ----    ----
   BIT SIZE         =   ----    ----
END OF MODULE INFORMATION.


C51 COMPILATION COMPLETE.  0 WARNING(S),  0 ERROR(S)
