C51 COMPILER V9.52.0.0   MAIN                                                              07/10/2018 17:33:52 PAGE 1   


C51 COMPILER V9.52.0.0, COMPILATION OF MODULE MAIN
OBJECT MODULE PLACED IN .\Output\Main.obj
COMPILER INVOKED BY: E:\Keil_v5\C51\BIN\C51.EXE App\Main.C LARGE BROWSE INCDIR(.\StdDriver\inc;.\App) DEBUG OBJECTEXTEND
                    - PRINT(.\List\Main.lst) TABS(2) OBJECT(.\Output\Main.obj)

line level    source

   1          
   2          /********************************** (C) COPYRIGHT *******************************
   3          * File Name          : Main.C
   4          * Author             : WCH
   5          * Version            : V1.0
   6          * Date               : 2017/01/20
   7          * Description        : GPIO 设置与使用和GPIO中断使用示例   
   8          *******************************************************************************/
   9          #include "FD814.H"                                                   
  10          #include "Debug.H"
  11          #include "config.h"
  12          #include "FD612Drv.H"
  13          #include "stdio.h"
  14          #include <string.h>
  15          #include "usr.h"
  16          #pragma  NOAREGS
  17          
  18          extern unsigned char dislay_all_flag,sd_mode_flag;
  19          
  20          
  21          
  22          void main( ) 
  23          { 
  24   1      
  25   1          CfgFsys( );                                                                //CH554时钟选择配置   
  26   1          mDelaymS(20); 
  27   1          gpio_init();
  28   1          time0_init( );
  29   1          time1_init( );
  30   1          alarm_time_init();
  31   1          ADC0_INIT(0);
  32   1          DS1302_INIT();
  33   1          ADC_Convert( );
  34   1          FD612_Init( );
  35   1          display_init_first( );
  36   1         while(1)
  37   1             { 
  38   2      
  39   2      
  40   2                key_statue();
  41   2                if(dislay_all_flag==0)  display();
  42   2                alarm_display ( );
  43   2      
  44   2                if(sd_mode_flag)  voice_control();           
  45   2                sd_mode ( );
  46   2      
  47   2              } 
  48   1        
  49   1      
  50   1                         
  51   1             
  52   1                  
  53   1      }
  54                
C51 COMPILER V9.52.0.0   MAIN                                                              07/10/2018 17:33:52 PAGE 2   

  55               
  56            


MODULE INFORMATION:   STATIC OVERLAYABLE
   CODE SIZE        =     68    ----
   CONSTANT SIZE    =   ----    ----
   XDATA SIZE       =   ----    ----
   PDATA SIZE       =   ----    ----
   DATA SIZE        =   ----    ----
   IDATA SIZE       =   ----    ----
   BIT SIZE         =   ----    ----
END OF MODULE INFORMATION.


C51 COMPILATION COMPLETE.  0 WARNING(S),  0 ERROR(S)
